{"/Users/mougette/git/SplitPal/App.js": {"path":"/Users/mougette/git/SplitPal/App.js","statementMap":{"0":{"start":{"line":24,"column":18},"end":{"line":24,"column":40}},"1":{"start":{"line":26,"column":2},"end":{"line":44,"column":4}},"2":{"start":{"line":47,"column":19},"end":{"line":47,"column":41}},"3":{"start":{"line":49,"column":4},"end":{"line":65,"column":6}},"4":{"start":{"line":68,"column":20},"end":{"line":68,"column":42}},"5":{"start":{"line":70,"column":2},"end":{"line":86,"column":4}},"6":{"start":{"line":89,"column":24},"end":{"line":89,"column":46}},"7":{"start":{"line":91,"column":2},"end":{"line":104,"column":4}},"8":{"start":{"line":107,"column":21},"end":{"line":107,"column":43}},"9":{"start":{"line":109,"column":2},"end":{"line":122,"column":4}},"10":{"start":{"line":125,"column":12},"end":{"line":125,"column":38}},"11":{"start":{"line":127,"column":2},"end":{"line":158,"column":4}},"12":{"start":{"line":129,"column":35},"end":{"line":151,"column":7}},"13":{"start":{"line":133,"column":12},"end":{"line":146,"column":13}},"14":{"start":{"line":135,"column":20},"end":{"line":135,"column":65}},"15":{"start":{"line":136,"column":20},"end":{"line":136,"column":26}},"16":{"start":{"line":138,"column":20},"end":{"line":138,"column":69}},"17":{"start":{"line":139,"column":20},"end":{"line":139,"column":26}},"18":{"start":{"line":141,"column":20},"end":{"line":141,"column":69}},"19":{"start":{"line":142,"column":20},"end":{"line":142,"column":26}},"20":{"start":{"line":144,"column":20},"end":{"line":144,"column":83}},"21":{"start":{"line":145,"column":20},"end":{"line":145,"column":26}},"22":{"start":{"line":147,"column":12},"end":{"line":147,"column":74}},"23":{"start":{"line":161,"column":14},"end":{"line":161,"column":36}},"24":{"start":{"line":163,"column":18},"end":{"line":163,"column":47}},"25":{"start":{"line":164,"column":2},"end":{"line":164,"column":21}},"26":{"start":{"line":165,"column":2},"end":{"line":185,"column":4}},"27":{"start":{"line":189,"column":2},"end":{"line":193,"column":4}}},"fnMap":{"0":{"name":"authFlow","decl":{"start":{"line":25,"column":9},"end":{"line":25,"column":17}},"loc":{"start":{"line":25,"column":20},"end":{"line":45,"column":1}},"line":25},"1":{"name":"groupFlow","decl":{"start":{"line":48,"column":9},"end":{"line":48,"column":18}},"loc":{"start":{"line":48,"column":21},"end":{"line":66,"column":1}},"line":48},"2":{"name":"friendFlow","decl":{"start":{"line":69,"column":9},"end":{"line":69,"column":19}},"loc":{"start":{"line":69,"column":22},"end":{"line":87,"column":1}},"line":69},"3":{"name":"homeScreenFlow","decl":{"start":{"line":90,"column":9},"end":{"line":90,"column":23}},"loc":{"start":{"line":90,"column":26},"end":{"line":105,"column":1}},"line":90},"4":{"name":"profileFlow","decl":{"start":{"line":108,"column":9},"end":{"line":108,"column":20}},"loc":{"start":{"line":108,"column":23},"end":{"line":123,"column":1}},"line":108},"5":{"name":"homeFlow","decl":{"start":{"line":126,"column":16},"end":{"line":126,"column":24}},"loc":{"start":{"line":126,"column":27},"end":{"line":159,"column":1}},"line":126},"6":{"name":"(anonymous_6)","decl":{"start":{"line":129,"column":21},"end":{"line":129,"column":22}},"loc":{"start":{"line":129,"column":35},"end":{"line":151,"column":7}},"line":129},"7":{"name":"(anonymous_7)","decl":{"start":{"line":130,"column":20},"end":{"line":130,"column":21}},"loc":{"start":{"line":130,"column":48},"end":{"line":148,"column":9}},"line":130},"8":{"name":"App","decl":{"start":{"line":162,"column":9},"end":{"line":162,"column":12}},"loc":{"start":{"line":162,"column":15},"end":{"line":186,"column":1}},"line":162},"9":{"name":"(anonymous_9)","decl":{"start":{"line":188,"column":15},"end":{"line":188,"column":16}},"loc":{"start":{"line":188,"column":21},"end":{"line":194,"column":1}},"line":188}},"branchMap":{"0":{"loc":{"start":{"line":133,"column":12},"end":{"line":146,"column":13}},"type":"switch","locations":[{"start":{"line":134,"column":16},"end":{"line":136,"column":26}},{"start":{"line":137,"column":16},"end":{"line":139,"column":26}},{"start":{"line":140,"column":16},"end":{"line":142,"column":26}},{"start":{"line":143,"column":16},"end":{"line":145,"column":26}}],"line":133},"1":{"loc":{"start":{"line":135,"column":31},"end":{"line":135,"column":64}},"type":"cond-expr","locations":[{"start":{"line":135,"column":41},"end":{"line":135,"column":47}},{"start":{"line":135,"column":50},"end":{"line":135,"column":64}}],"line":135},"2":{"loc":{"start":{"line":138,"column":31},"end":{"line":138,"column":68}},"type":"cond-expr","locations":[{"start":{"line":138,"column":41},"end":{"line":138,"column":49}},{"start":{"line":138,"column":52},"end":{"line":138,"column":68}}],"line":138},"3":{"loc":{"start":{"line":141,"column":31},"end":{"line":141,"column":68}},"type":"cond-expr","locations":[{"start":{"line":141,"column":41},"end":{"line":141,"column":49}},{"start":{"line":141,"column":52},"end":{"line":141,"column":68}}],"line":141},"4":{"loc":{"start":{"line":144,"column":31},"end":{"line":144,"column":82}},"type":"cond-expr","locations":[{"start":{"line":144,"column":41},"end":{"line":144,"column":56}},{"start":{"line":144,"column":59},"end":{"line":144,"column":82}}],"line":144},"5":{"loc":{"start":{"line":168,"column":9},"end":{"line":182,"column":9}},"type":"cond-expr","locations":[{"start":{"line":169,"column":10},"end":{"line":175,"column":13}},{"start":{"line":177,"column":10},"end":{"line":181,"column":12}}],"line":168}},"s":{"0":1,"1":1,"2":1,"3":0,"4":1,"5":0,"6":1,"7":1,"8":1,"9":0,"10":1,"11":1,"12":4,"13":8,"14":2,"15":2,"16":2,"17":2,"18":2,"19":2,"20":2,"21":2,"22":8,"23":1,"24":2,"25":2,"26":2,"27":1},"f":{"0":1,"1":0,"2":0,"3":1,"4":0,"5":1,"6":4,"7":8,"8":2,"9":1},"b":{"0":[2,2,2,2],"1":[1,1],"2":[1,1],"3":[1,1],"4":[1,1],"5":[1,1]},"_coverageSchema":"1a1c01bbd47fc00a2c39e90264f33305004495a9","hash":"68b5df2a39093525fe4adf7577fe29a799f7a426"}
,"/Users/mougette/git/SplitPal/src/components/AddFriendBar.js": {"path":"/Users/mougette/git/SplitPal/src/components/AddFriendBar.js","statementMap":{"0":{"start":{"line":5,"column":21},"end":{"line":25,"column":1}},"1":{"start":{"line":6,"column":28},"end":{"line":6,"column":40}},"2":{"start":{"line":7,"column":4},"end":{"line":23,"column":6}},"3":{"start":{"line":15,"column":45},"end":{"line":19,"column":65}},"4":{"start":{"line":27,"column":15},"end":{"line":50,"column":2}}},"fnMap":{"0":{"name":"(anonymous_0)","decl":{"start":{"line":5,"column":21},"end":{"line":5,"column":22}},"loc":{"start":{"line":5,"column":34},"end":{"line":25,"column":1}},"line":5},"1":{"name":"(anonymous_1)","decl":{"start":{"line":15,"column":39},"end":{"line":15,"column":40}},"loc":{"start":{"line":15,"column":45},"end":{"line":19,"column":65}},"line":15}},"branchMap":{},"s":{"0":3,"1":10,"2":10,"3":1,"4":3},"f":{"0":10,"1":1},"b":{},"_coverageSchema":"1a1c01bbd47fc00a2c39e90264f33305004495a9","hash":"8de7381d5c1c1484dbedd41b1db7444cb5e6970e"}
,"/Users/mougette/git/SplitPal/src/components/EntryComponent.js": {"path":"/Users/mougette/git/SplitPal/src/components/EntryComponent.js","statementMap":{"0":{"start":{"line":12,"column":14},"end":{"line":38,"column":1}},"1":{"start":{"line":13,"column":38},"end":{"line":13,"column":52}},"2":{"start":{"line":14,"column":16},"end":{"line":14,"column":71}},"3":{"start":{"line":15,"column":4},"end":{"line":20,"column":5}},"4":{"start":{"line":16,"column":8},"end":{"line":16,"column":22}},"5":{"start":{"line":18,"column":9},"end":{"line":20,"column":5}},"6":{"start":{"line":19,"column":8},"end":{"line":19,"column":25}},"7":{"start":{"line":21,"column":24},"end":{"line":24,"column":5}},"8":{"start":{"line":22,"column":4},"end":{"line":22,"column":32}},"9":{"start":{"line":23,"column":4},"end":{"line":23,"column":20}},"10":{"start":{"line":25,"column":4},"end":{"line":36,"column":6}},"11":{"start":{"line":40,"column":15},"end":{"line":76,"column":2}}},"fnMap":{"0":{"name":"(anonymous_0)","decl":{"start":{"line":12,"column":14},"end":{"line":12,"column":15}},"loc":{"start":{"line":12,"column":25},"end":{"line":38,"column":1}},"line":12},"1":{"name":"(anonymous_1)","decl":{"start":{"line":21,"column":24},"end":{"line":21,"column":25}},"loc":{"start":{"line":21,"column":29},"end":{"line":24,"column":5}},"line":21}},"branchMap":{"0":{"loc":{"start":{"line":14,"column":16},"end":{"line":14,"column":71}},"type":"cond-expr","locations":[{"start":{"line":14,"column":50},"end":{"line":14,"column":59}},{"start":{"line":14,"column":62},"end":{"line":14,"column":71}}],"line":14},"1":{"loc":{"start":{"line":15,"column":4},"end":{"line":20,"column":5}},"type":"if","locations":[{"start":{"line":15,"column":4},"end":{"line":20,"column":5}},{"start":{"line":18,"column":9},"end":{"line":20,"column":5}}],"line":15},"2":{"loc":{"start":{"line":18,"column":9},"end":{"line":20,"column":5}},"type":"if","locations":[{"start":{"line":18,"column":9},"end":{"line":20,"column":5}},{"start":{},"end":{}}],"line":18},"3":{"loc":{"start":{"line":18,"column":13},"end":{"line":18,"column":98}},"type":"binary-expr","locations":[{"start":{"line":18,"column":13},"end":{"line":18,"column":39}},{"start":{"line":18,"column":43},"end":{"line":18,"column":68}},{"start":{"line":18,"column":72},"end":{"line":18,"column":98}}],"line":18},"4":{"loc":{"start":{"line":33,"column":62},"end":{"line":33,"column":136}},"type":"cond-expr","locations":[{"start":{"line":33,"column":91},"end":{"line":33,"column":120}},{"start":{"line":33,"column":123},"end":{"line":33,"column":136}}],"line":33},"5":{"loc":{"start":{"line":33,"column":91},"end":{"line":33,"column":120}},"type":"cond-expr","locations":[{"start":{"line":33,"column":105},"end":{"line":33,"column":110}},{"start":{"line":33,"column":113},"end":{"line":33,"column":120}}],"line":33}},"s":{"0":8,"1":189,"2":189,"3":189,"4":24,"5":165,"6":149,"7":189,"8":9,"9":9,"10":189,"11":8},"f":{"0":189,"1":9},"b":{"0":[11,178],"1":[24,165],"2":[149,16],"3":[165,141,38],"4":[22,167],"5":[20,2]},"_coverageSchema":"1a1c01bbd47fc00a2c39e90264f33305004495a9","hash":"68385df67bf93c018b1657afe39b8e0f7b2dc945"}
,"/Users/mougette/git/SplitPal/src/components/GroupEntryComponent.js": {"path":"/Users/mougette/git/SplitPal/src/components/GroupEntryComponent.js","statementMap":{"0":{"start":{"line":12,"column":19},"end":{"line":30,"column":1}},"1":{"start":{"line":13,"column":38},"end":{"line":13,"column":52}},"2":{"start":{"line":14,"column":24},"end":{"line":17,"column":5}},"3":{"start":{"line":15,"column":4},"end":{"line":15,"column":32}},"4":{"start":{"line":16,"column":4},"end":{"line":16,"column":20}},"5":{"start":{"line":18,"column":4},"end":{"line":28,"column":6}},"6":{"start":{"line":32,"column":15},"end":{"line":59,"column":2}}},"fnMap":{"0":{"name":"(anonymous_0)","decl":{"start":{"line":12,"column":19},"end":{"line":12,"column":20}},"loc":{"start":{"line":12,"column":30},"end":{"line":30,"column":1}},"line":12},"1":{"name":"(anonymous_1)","decl":{"start":{"line":14,"column":24},"end":{"line":14,"column":25}},"loc":{"start":{"line":14,"column":29},"end":{"line":17,"column":5}},"line":14}},"branchMap":{"0":{"loc":{"start":{"line":19,"column":57},"end":{"line":19,"column":91}},"type":"cond-expr","locations":[{"start":{"line":19,"column":71},"end":{"line":19,"column":80}},{"start":{"line":19,"column":82},"end":{"line":19,"column":91}}],"line":19},"1":{"loc":{"start":{"line":24,"column":56},"end":{"line":24,"column":85}},"type":"cond-expr","locations":[{"start":{"line":24,"column":70},"end":{"line":24,"column":76}},{"start":{"line":24,"column":79},"end":{"line":24,"column":85}}],"line":24}},"s":{"0":3,"1":19,"2":19,"3":4,"4":4,"5":19,"6":3},"f":{"0":19,"1":4},"b":{"0":[16,3],"1":[16,3]},"_coverageSchema":"1a1c01bbd47fc00a2c39e90264f33305004495a9","hash":"1f476f41931f5bc4cab03ec74650e31bcf7154bf"}
,"/Users/mougette/git/SplitPal/src/components/RestGet.js": {"path":"/Users/mougette/git/SplitPal/src/components/RestGet.js","statementMap":{"0":{"start":{"line":2,"column":17},"end":{"line":12,"column":19}},"1":{"start":{"line":6,"column":37},"end":{"line":6,"column":52}},"2":{"start":{"line":8,"column":17},"end":{"line":10,"column":18}},"3":{"start":{"line":9,"column":20},"end":{"line":9,"column":39}},"4":{"start":{"line":11,"column":19},"end":{"line":11,"column":39}}},"fnMap":{"0":{"name":"Get","decl":{"start":{"line":1,"column":16},"end":{"line":1,"column":19}},"loc":{"start":{"line":1,"column":38},"end":{"line":13,"column":16}},"line":1},"1":{"name":"(anonymous_1)","decl":{"start":{"line":6,"column":23},"end":{"line":6,"column":24}},"loc":{"start":{"line":6,"column":37},"end":{"line":6,"column":52}},"line":6},"2":{"name":"(anonymous_2)","decl":{"start":{"line":7,"column":23},"end":{"line":7,"column":24}},"loc":{"start":{"line":7,"column":41},"end":{"line":12,"column":18}},"line":7}},"branchMap":{"0":{"loc":{"start":{"line":8,"column":17},"end":{"line":10,"column":18}},"type":"if","locations":[{"start":{"line":8,"column":17},"end":{"line":10,"column":18}},{"start":{},"end":{}}],"line":8}},"s":{"0":34,"1":34,"2":34,"3":1,"4":33},"f":{"0":34,"1":34,"2":34},"b":{"0":[1,33]},"_coverageSchema":"1a1c01bbd47fc00a2c39e90264f33305004495a9","hash":"437e558fa3b650a33c099da2101d2581055fb0eb"}
,"/Users/mougette/git/SplitPal/src/components/RestPatch.js": {"path":"/Users/mougette/git/SplitPal/src/components/RestPatch.js","statementMap":{"0":{"start":{"line":1,"column":15},"end":{"line":10,"column":3}},"1":{"start":{"line":2,"column":4},"end":{"line":9,"column":13}},"2":{"start":{"line":5,"column":26},"end":{"line":5,"column":41}},"3":{"start":{"line":7,"column":12},"end":{"line":7,"column":29}},"4":{"start":{"line":8,"column":12},"end":{"line":8,"column":24}}},"fnMap":{"0":{"name":"(anonymous_0)","decl":{"start":{"line":1,"column":15},"end":{"line":1,"column":16}},"loc":{"start":{"line":1,"column":30},"end":{"line":10,"column":3}},"line":1},"1":{"name":"(anonymous_1)","decl":{"start":{"line":5,"column":12},"end":{"line":5,"column":13}},"loc":{"start":{"line":5,"column":26},"end":{"line":5,"column":41}},"line":5},"2":{"name":"(anonymous_2)","decl":{"start":{"line":6,"column":16},"end":{"line":6,"column":17}},"loc":{"start":{"line":6,"column":26},"end":{"line":9,"column":11}},"line":6}},"branchMap":{},"s":{"0":4,"1":5,"2":5,"3":5,"4":5},"f":{"0":5,"1":5,"2":5},"b":{},"_coverageSchema":"1a1c01bbd47fc00a2c39e90264f33305004495a9","hash":"cd25466c957c0062b00cd04c8e1a0808fd7dbb39"}
,"/Users/mougette/git/SplitPal/src/components/RestPost.js": {"path":"/Users/mougette/git/SplitPal/src/components/RestPost.js","statementMap":{"0":{"start":{"line":2,"column":4},"end":{"line":9,"column":10}},"1":{"start":{"line":6,"column":28},"end":{"line":6,"column":43}},"2":{"start":{"line":8,"column":12},"end":{"line":8,"column":32}}},"fnMap":{"0":{"name":"Post","decl":{"start":{"line":1,"column":16},"end":{"line":1,"column":20}},"loc":{"start":{"line":1,"column":32},"end":{"line":10,"column":3}},"line":1},"1":{"name":"(anonymous_1)","decl":{"start":{"line":6,"column":14},"end":{"line":6,"column":15}},"loc":{"start":{"line":6,"column":28},"end":{"line":6,"column":43}},"line":6},"2":{"name":"(anonymous_2)","decl":{"start":{"line":7,"column":14},"end":{"line":7,"column":15}},"loc":{"start":{"line":7,"column":32},"end":{"line":9,"column":9}},"line":7}},"branchMap":{},"s":{"0":10,"1":10,"2":10},"f":{"0":10,"1":10,"2":10},"b":{},"_coverageSchema":"1a1c01bbd47fc00a2c39e90264f33305004495a9","hash":"140490928dacb72aec05767170fe08824388603c"}
,"/Users/mougette/git/SplitPal/src/components/RestPut.js": {"path":"/Users/mougette/git/SplitPal/src/components/RestPut.js","statementMap":{"0":{"start":{"line":2,"column":4},"end":{"line":12,"column":45}},"1":{"start":{"line":6,"column":28},"end":{"line":6,"column":43}},"2":{"start":{"line":7,"column":26},"end":{"line":7,"column":61}},"3":{"start":{"line":9,"column":12},"end":{"line":9,"column":37}},"4":{"start":{"line":10,"column":12},"end":{"line":10,"column":32}},"5":{"start":{"line":12,"column":24},"end":{"line":12,"column":43}}},"fnMap":{"0":{"name":"Put","decl":{"start":{"line":1,"column":16},"end":{"line":1,"column":19}},"loc":{"start":{"line":1,"column":31},"end":{"line":13,"column":3}},"line":1},"1":{"name":"(anonymous_1)","decl":{"start":{"line":6,"column":14},"end":{"line":6,"column":15}},"loc":{"start":{"line":6,"column":28},"end":{"line":6,"column":43}},"line":6},"2":{"name":"(anonymous_2)","decl":{"start":{"line":7,"column":15},"end":{"line":7,"column":16}},"loc":{"start":{"line":7,"column":26},"end":{"line":7,"column":61}},"line":7},"3":{"name":"(anonymous_3)","decl":{"start":{"line":8,"column":14},"end":{"line":8,"column":15}},"loc":{"start":{"line":8,"column":32},"end":{"line":11,"column":9}},"line":8},"4":{"name":"(anonymous_4)","decl":{"start":{"line":12,"column":15},"end":{"line":12,"column":16}},"loc":{"start":{"line":12,"column":24},"end":{"line":12,"column":43}},"line":12}},"branchMap":{},"s":{"0":1,"1":1,"2":0,"3":1,"4":1,"5":0},"f":{"0":1,"1":1,"2":0,"3":1,"4":0},"b":{},"_coverageSchema":"1a1c01bbd47fc00a2c39e90264f33305004495a9","hash":"f038572dfb97ac6074ff1caf60707905412860a1"}
,"/Users/mougette/git/SplitPal/src/components/SearchAndAddComponent.js": {"path":"/Users/mougette/git/SplitPal/src/components/SearchAndAddComponent.js","statementMap":{"0":{"start":{"line":4,"column":21},"end":{"line":18,"column":1}},"1":{"start":{"line":6,"column":4},"end":{"line":16,"column":6}},"2":{"start":{"line":12,"column":45},"end":{"line":12,"column":60}},"3":{"start":{"line":20,"column":15},"end":{"line":43,"column":2}}},"fnMap":{"0":{"name":"(anonymous_0)","decl":{"start":{"line":4,"column":21},"end":{"line":4,"column":22}},"loc":{"start":{"line":4,"column":34},"end":{"line":18,"column":1}},"line":4},"1":{"name":"(anonymous_1)","decl":{"start":{"line":12,"column":39},"end":{"line":12,"column":40}},"loc":{"start":{"line":12,"column":45},"end":{"line":12,"column":60}},"line":12}},"branchMap":{},"s":{"0":5,"1":21,"2":3,"3":5},"f":{"0":21,"1":3},"b":{},"_coverageSchema":"1a1c01bbd47fc00a2c39e90264f33305004495a9","hash":"2ebac07b6ff6935646154f24d5456a68d33c9626"}
,"/Users/mougette/git/SplitPal/src/components/SplitPalLogoComponent.js": {"path":"/Users/mougette/git/SplitPal/src/components/SplitPalLogoComponent.js","statementMap":{"0":{"start":{"line":6,"column":11},"end":{"line":13,"column":3}},"1":{"start":{"line":7,"column":4},"end":{"line":12,"column":6}},"2":{"start":{"line":16,"column":15},"end":{"line":36,"column":2}}},"fnMap":{"0":{"name":"(anonymous_0)","decl":{"start":{"line":6,"column":11},"end":{"line":6,"column":12}},"loc":{"start":{"line":6,"column":17},"end":{"line":13,"column":3}},"line":6}},"branchMap":{},"s":{"0":27,"1":68,"2":12},"f":{"0":68},"b":{},"_coverageSchema":"1a1c01bbd47fc00a2c39e90264f33305004495a9","hash":"afe6a90b24f42d663a422d6c260ddd3c525fbef1"}
,"/Users/mougette/git/SplitPal/src/context/AuthContext.js": {"path":"/Users/mougette/git/SplitPal/src/context/AuthContext.js","statementMap":{"0":{"start":{"line":6,"column":20},"end":{"line":21,"column":1}},"1":{"start":{"line":7,"column":2},"end":{"line":20,"column":3}},"2":{"start":{"line":9,"column":6},"end":{"line":9,"column":38}},"3":{"start":{"line":11,"column":4},"end":{"line":14,"column":12}},"4":{"start":{"line":16,"column":6},"end":{"line":19,"column":8}},"5":{"start":{"line":23,"column":15},"end":{"line":54,"column":1}},"6":{"start":{"line":24,"column":34},"end":{"line":24,"column":46}},"7":{"start":{"line":25,"column":2},"end":{"line":53,"column":4}},"8":{"start":{"line":26,"column":4},"end":{"line":50,"column":8}},"9":{"start":{"line":36,"column":4},"end":{"line":36,"column":56}},"10":{"start":{"line":37,"column":6},"end":{"line":48,"column":7}},"11":{"start":{"line":38,"column":14},"end":{"line":44,"column":17}},"12":{"start":{"line":47,"column":14},"end":{"line":47,"column":29}},"13":{"start":{"line":56,"column":15},"end":{"line":71,"column":1}},"14":{"start":{"line":57,"column":2},"end":{"line":70,"column":4}},"15":{"start":{"line":59,"column":3},"end":{"line":69,"column":8}},"16":{"start":{"line":61,"column":4},"end":{"line":69,"column":5}},"17":{"start":{"line":62,"column":4},"end":{"line":68,"column":7}},"18":{"start":{"line":73,"column":16},"end":{"line":77,"column":1}},"19":{"start":{"line":74,"column":2},"end":{"line":76,"column":4}},"20":{"start":{"line":75,"column":4},"end":{"line":75,"column":32}},"21":{"start":{"line":79,"column":35},"end":{"line":83,"column":1}}},"fnMap":{"0":{"name":"(anonymous_0)","decl":{"start":{"line":6,"column":20},"end":{"line":6,"column":21}},"loc":{"start":{"line":6,"column":39},"end":{"line":21,"column":1}},"line":6},"1":{"name":"(anonymous_1)","decl":{"start":{"line":23,"column":15},"end":{"line":23,"column":16}},"loc":{"start":{"line":23,"column":27},"end":{"line":54,"column":1}},"line":23},"2":{"name":"(anonymous_2)","decl":{"start":{"line":25,"column":9},"end":{"line":25,"column":10}},"loc":{"start":{"line":25,"column":77},"end":{"line":53,"column":3}},"line":25},"3":{"name":"(anonymous_3)","decl":{"start":{"line":35,"column":14},"end":{"line":35,"column":15}},"loc":{"start":{"line":35,"column":26},"end":{"line":49,"column":7}},"line":35},"4":{"name":"(anonymous_4)","decl":{"start":{"line":56,"column":15},"end":{"line":56,"column":16}},"loc":{"start":{"line":56,"column":27},"end":{"line":71,"column":1}},"line":56},"5":{"name":"(anonymous_5)","decl":{"start":{"line":57,"column":9},"end":{"line":57,"column":10}},"loc":{"start":{"line":57,"column":32},"end":{"line":70,"column":3}},"line":57},"6":{"name":"(anonymous_6)","decl":{"start":{"line":60,"column":9},"end":{"line":60,"column":10}},"loc":{"start":{"line":60,"column":20},"end":{"line":69,"column":6}},"line":60},"7":{"name":"(anonymous_7)","decl":{"start":{"line":73,"column":16},"end":{"line":73,"column":17}},"loc":{"start":{"line":73,"column":28},"end":{"line":77,"column":1}},"line":73},"8":{"name":"(anonymous_8)","decl":{"start":{"line":74,"column":9},"end":{"line":74,"column":10}},"loc":{"start":{"line":74,"column":15},"end":{"line":76,"column":3}},"line":74}},"branchMap":{"0":{"loc":{"start":{"line":7,"column":2},"end":{"line":20,"column":3}},"type":"switch","locations":[{"start":{"line":8,"column":4},"end":{"line":9,"column":38}},{"start":{"line":10,"column":4},"end":{"line":14,"column":12}},{"start":{"line":15,"column":4},"end":{"line":19,"column":8}}],"line":7},"1":{"loc":{"start":{"line":37,"column":6},"end":{"line":48,"column":7}},"type":"if","locations":[{"start":{"line":37,"column":6},"end":{"line":48,"column":7}},{"start":{"line":46,"column":11},"end":{"line":48,"column":7}}],"line":37},"2":{"loc":{"start":{"line":61,"column":4},"end":{"line":69,"column":5}},"type":"if","locations":[{"start":{"line":61,"column":4},"end":{"line":69,"column":5}},{"start":{},"end":{}}],"line":61}},"s":{"0":17,"1":3,"2":1,"3":1,"4":1,"5":17,"6":37,"7":37,"8":2,"9":2,"10":2,"11":1,"12":1,"13":17,"14":37,"15":2,"16":2,"17":1,"18":17,"19":37,"20":1,"21":17},"f":{"0":3,"1":37,"2":2,"3":2,"4":37,"5":2,"6":2,"7":37,"8":1},"b":{"0":[1,1,1],"1":[1,1],"2":[1,1]},"_coverageSchema":"1a1c01bbd47fc00a2c39e90264f33305004495a9","hash":"f06218b43ead343f6a1dbc42522990f9ba8f6a2c"}
,"/Users/mougette/git/SplitPal/src/context/createDataContext.js": {"path":"/Users/mougette/git/SplitPal/src/context/createDataContext.js","statementMap":{"0":{"start":{"line":4,"column":20},"end":{"line":4,"column":41}},"1":{"start":{"line":6,"column":21},"end":{"line":20,"column":5}},"2":{"start":{"line":7,"column":36},"end":{"line":7,"column":69}},"3":{"start":{"line":9,"column":29},"end":{"line":9,"column":31}},"4":{"start":{"line":11,"column":8},"end":{"line":13,"column":9}},"5":{"start":{"line":12,"column":12},"end":{"line":12,"column":54}},"6":{"start":{"line":15,"column":8},"end":{"line":19,"column":9}},"7":{"start":{"line":22,"column":4},"end":{"line":22,"column":52}}},"fnMap":{"0":{"name":"(anonymous_0)","decl":{"start":{"line":3,"column":15},"end":{"line":3,"column":16}},"loc":{"start":{"line":3,"column":52},"end":{"line":23,"column":1}},"line":3},"1":{"name":"(anonymous_1)","decl":{"start":{"line":6,"column":21},"end":{"line":6,"column":22}},"loc":{"start":{"line":6,"column":39},"end":{"line":20,"column":5}},"line":6}},"branchMap":{},"s":{"0":17,"1":17,"2":37,"3":37,"4":37,"5":111,"6":37,"7":17},"f":{"0":17,"1":37},"b":{},"_coverageSchema":"1a1c01bbd47fc00a2c39e90264f33305004495a9","hash":"776824ca3b4bb2df471bb00f3fa117459d71683b"}
,"/Users/mougette/git/SplitPal/src/screens/AddFriend.js": {"path":"/Users/mougette/git/SplitPal/src/screens/AddFriend.js","statementMap":{"0":{"start":{"line":11,"column":18},"end":{"line":104,"column":1}},"1":{"start":{"line":12,"column":33},"end":{"line":12,"column":56}},"2":{"start":{"line":13,"column":30},"end":{"line":13,"column":42}},"3":{"start":{"line":14,"column":4},"end":{"line":20,"column":20}},"4":{"start":{"line":15,"column":24},"end":{"line":18,"column":9}},"5":{"start":{"line":16,"column":4},"end":{"line":17,"column":57}},"6":{"start":{"line":17,"column":25},"end":{"line":17,"column":55}},"7":{"start":{"line":19,"column":9},"end":{"line":19,"column":27}},"8":{"start":{"line":21,"column":21},"end":{"line":83,"column":3}},"9":{"start":{"line":22,"column":4},"end":{"line":82,"column":9}},"10":{"start":{"line":23,"column":6},"end":{"line":71,"column":12}},"11":{"start":{"line":29,"column":18},"end":{"line":67,"column":20}},"12":{"start":{"line":36,"column":18},"end":{"line":41,"column":28}},"13":{"start":{"line":42,"column":18},"end":{"line":46,"column":31}},"14":{"start":{"line":43,"column":22},"end":{"line":44,"column":72}},"15":{"start":{"line":44,"column":40},"end":{"line":44,"column":70}},"16":{"start":{"line":45,"column":22},"end":{"line":45,"column":40}},"17":{"start":{"line":52,"column":32},"end":{"line":57,"column":42}},"18":{"start":{"line":59,"column":32},"end":{"line":63,"column":47}},"19":{"start":{"line":60,"column":32},"end":{"line":61,"column":85}},"20":{"start":{"line":61,"column":53},"end":{"line":61,"column":83}},"21":{"start":{"line":62,"column":35},"end":{"line":62,"column":53}},"22":{"start":{"line":74,"column":8},"end":{"line":81,"column":10}},"23":{"start":{"line":79,"column":34},"end":{"line":79,"column":52}},"24":{"start":{"line":84,"column":2},"end":{"line":103,"column":4}},"25":{"start":{"line":95,"column":47},"end":{"line":95,"column":63}},"26":{"start":{"line":98,"column":47},"end":{"line":98,"column":76}},"27":{"start":{"line":106,"column":15},"end":{"line":161,"column":2}}},"fnMap":{"0":{"name":"(anonymous_0)","decl":{"start":{"line":11,"column":18},"end":{"line":11,"column":19}},"loc":{"start":{"line":11,"column":36},"end":{"line":104,"column":1}},"line":11},"1":{"name":"(anonymous_1)","decl":{"start":{"line":14,"column":14},"end":{"line":14,"column":15}},"loc":{"start":{"line":14,"column":20},"end":{"line":20,"column":5}},"line":14},"2":{"name":"(anonymous_2)","decl":{"start":{"line":15,"column":56},"end":{"line":15,"column":57}},"loc":{"start":{"line":15,"column":62},"end":{"line":18,"column":8}},"line":15},"3":{"name":"(anonymous_3)","decl":{"start":{"line":17,"column":13},"end":{"line":17,"column":14}},"loc":{"start":{"line":17,"column":25},"end":{"line":17,"column":55}},"line":17},"4":{"name":"(anonymous_4)","decl":{"start":{"line":21,"column":21},"end":{"line":21,"column":22}},"loc":{"start":{"line":21,"column":42},"end":{"line":83,"column":3}},"line":21},"5":{"name":"(anonymous_5)","decl":{"start":{"line":28,"column":30},"end":{"line":28,"column":31}},"loc":{"start":{"line":28,"column":36},"end":{"line":68,"column":19}},"line":28},"6":{"name":"(anonymous_6)","decl":{"start":{"line":35,"column":27},"end":{"line":35,"column":28}},"loc":{"start":{"line":35,"column":32},"end":{"line":47,"column":25}},"line":35},"7":{"name":"(anonymous_7)","decl":{"start":{"line":42,"column":29},"end":{"line":42,"column":30}},"loc":{"start":{"line":42,"column":35},"end":{"line":46,"column":23}},"line":42},"8":{"name":"(anonymous_8)","decl":{"start":{"line":44,"column":28},"end":{"line":44,"column":29}},"loc":{"start":{"line":44,"column":40},"end":{"line":44,"column":70}},"line":44},"9":{"name":"(anonymous_9)","decl":{"start":{"line":51,"column":41},"end":{"line":51,"column":42}},"loc":{"start":{"line":51,"column":46},"end":{"line":64,"column":39}},"line":51},"10":{"name":"(anonymous_10)","decl":{"start":{"line":59,"column":43},"end":{"line":59,"column":44}},"loc":{"start":{"line":59,"column":49},"end":{"line":63,"column":39}},"line":59},"11":{"name":"(anonymous_11)","decl":{"start":{"line":61,"column":41},"end":{"line":61,"column":42}},"loc":{"start":{"line":61,"column":53},"end":{"line":61,"column":83}},"line":61},"12":{"name":"(anonymous_12)","decl":{"start":{"line":79,"column":28},"end":{"line":79,"column":29}},"loc":{"start":{"line":79,"column":34},"end":{"line":79,"column":52}},"line":79},"13":{"name":"(anonymous_13)","decl":{"start":{"line":95,"column":30},"end":{"line":95,"column":31}},"loc":{"start":{"line":95,"column":47},"end":{"line":95,"column":63}},"line":95},"14":{"name":"(anonymous_14)","decl":{"start":{"line":98,"column":41},"end":{"line":98,"column":42}},"loc":{"start":{"line":98,"column":47},"end":{"line":98,"column":76}},"line":98}},"branchMap":{"0":{"loc":{"start":{"line":22,"column":4},"end":{"line":82,"column":9}},"type":"if","locations":[{"start":{"line":22,"column":4},"end":{"line":82,"column":9}},{"start":{"line":73,"column":10},"end":{"line":82,"column":9}}],"line":22}},"s":{"0":2,"1":8,"2":8,"3":8,"4":3,"5":3,"6":3,"7":3,"8":8,"9":30,"10":5,"11":1,"12":1,"13":1,"14":1,"15":1,"16":1,"17":1,"18":1,"19":1,"20":1,"21":1,"22":25,"23":1,"24":8,"25":45,"26":1,"27":2},"f":{"0":8,"1":3,"2":3,"3":3,"4":30,"5":1,"6":1,"7":1,"8":1,"9":1,"10":1,"11":1,"12":1,"13":45,"14":1},"b":{"0":[5,25]},"_coverageSchema":"1a1c01bbd47fc00a2c39e90264f33305004495a9","hash":"2cce4715f255d49c7f04d273e320041279014090"}
,"/Users/mougette/git/SplitPal/src/screens/AddGroups.js": {"path":"/Users/mougette/git/SplitPal/src/screens/AddGroups.js","statementMap":{"0":{"start":{"line":10,"column":18},"end":{"line":90,"column":1}},"1":{"start":{"line":12,"column":36},"end":{"line":12,"column":48}},"2":{"start":{"line":13,"column":31},"end":{"line":13,"column":54}},"3":{"start":{"line":14,"column":32},"end":{"line":14,"column":44}},"4":{"start":{"line":15,"column":42},"end":{"line":15,"column":65}},"5":{"start":{"line":16,"column":6},"end":{"line":22,"column":22}},"6":{"start":{"line":17,"column":26},"end":{"line":20,"column":12}},"7":{"start":{"line":18,"column":6},"end":{"line":19,"column":59}},"8":{"start":{"line":19,"column":27},"end":{"line":19,"column":57}},"9":{"start":{"line":21,"column":11},"end":{"line":21,"column":29}},"10":{"start":{"line":23,"column":22},"end":{"line":33,"column":3}},"11":{"start":{"line":24,"column":15},"end":{"line":24,"column":25}},"12":{"start":{"line":25,"column":16},"end":{"line":25,"column":39}},"13":{"start":{"line":26,"column":4},"end":{"line":31,"column":5}},"14":{"start":{"line":27,"column":8},"end":{"line":27,"column":29}},"15":{"start":{"line":30,"column":4},"end":{"line":30,"column":25}},"16":{"start":{"line":32,"column":4},"end":{"line":32,"column":24}},"17":{"start":{"line":34,"column":21},"end":{"line":44,"column":3}},"18":{"start":{"line":35,"column":2},"end":{"line":35,"column":19}},"19":{"start":{"line":36,"column":4},"end":{"line":43,"column":6}},"20":{"start":{"line":41,"column":31},"end":{"line":41,"column":55}},"21":{"start":{"line":41,"column":56},"end":{"line":41,"column":79}},"22":{"start":{"line":46,"column":2},"end":{"line":89,"column":4}},"23":{"start":{"line":66,"column":43},"end":{"line":71,"column":93}},"24":{"start":{"line":82,"column":49},"end":{"line":82,"column":65}},"25":{"start":{"line":92,"column":15},"end":{"line":164,"column":2}}},"fnMap":{"0":{"name":"(anonymous_0)","decl":{"start":{"line":10,"column":18},"end":{"line":10,"column":19}},"loc":{"start":{"line":10,"column":36},"end":{"line":90,"column":1}},"line":10},"1":{"name":"(anonymous_1)","decl":{"start":{"line":16,"column":16},"end":{"line":16,"column":17}},"loc":{"start":{"line":16,"column":22},"end":{"line":22,"column":7}},"line":16},"2":{"name":"(anonymous_2)","decl":{"start":{"line":17,"column":58},"end":{"line":17,"column":59}},"loc":{"start":{"line":17,"column":64},"end":{"line":20,"column":11}},"line":17},"3":{"name":"(anonymous_3)","decl":{"start":{"line":19,"column":15},"end":{"line":19,"column":16}},"loc":{"start":{"line":19,"column":27},"end":{"line":19,"column":57}},"line":19},"4":{"name":"(anonymous_4)","decl":{"start":{"line":23,"column":22},"end":{"line":23,"column":23}},"loc":{"start":{"line":23,"column":37},"end":{"line":33,"column":3}},"line":23},"5":{"name":"(anonymous_5)","decl":{"start":{"line":34,"column":21},"end":{"line":34,"column":22}},"loc":{"start":{"line":34,"column":41},"end":{"line":44,"column":3}},"line":34},"6":{"name":"(anonymous_6)","decl":{"start":{"line":41,"column":24},"end":{"line":41,"column":25}},"loc":{"start":{"line":41,"column":30},"end":{"line":41,"column":80}},"line":41},"7":{"name":"(anonymous_7)","decl":{"start":{"line":66,"column":37},"end":{"line":66,"column":38}},"loc":{"start":{"line":66,"column":43},"end":{"line":71,"column":93}},"line":66},"8":{"name":"(anonymous_8)","decl":{"start":{"line":82,"column":32},"end":{"line":82,"column":33}},"loc":{"start":{"line":82,"column":49},"end":{"line":82,"column":65}},"line":82}},"branchMap":{"0":{"loc":{"start":{"line":26,"column":4},"end":{"line":31,"column":5}},"type":"if","locations":[{"start":{"line":26,"column":4},"end":{"line":31,"column":5}},{"start":{"line":29,"column":8},"end":{"line":31,"column":5}}],"line":26}},"s":{"0":2,"1":7,"2":7,"3":7,"4":7,"5":7,"6":3,"7":3,"8":3,"9":3,"10":7,"11":2,"12":2,"13":2,"14":1,"15":1,"16":2,"17":7,"18":18,"19":18,"20":2,"21":2,"22":7,"23":1,"24":27,"25":2},"f":{"0":7,"1":3,"2":3,"3":3,"4":2,"5":18,"6":2,"7":1,"8":27},"b":{"0":[1,1]},"_coverageSchema":"1a1c01bbd47fc00a2c39e90264f33305004495a9","hash":"d0ea19c2ac98b0ec2f0c038b90ff99cf419cbfc6"}
,"/Users/mougette/git/SplitPal/src/screens/CameraScreen.js": {"path":"/Users/mougette/git/SplitPal/src/screens/CameraScreen.js","statementMap":{"0":{"start":{"line":7,"column":21},"end":{"line":79,"column":1}},"1":{"start":{"line":8,"column":27},"end":{"line":8,"column":50}},"2":{"start":{"line":9,"column":44},"end":{"line":9,"column":58}},"3":{"start":{"line":10,"column":26},"end":{"line":10,"column":62}},"4":{"start":{"line":11,"column":26},"end":{"line":11,"column":40}},"5":{"start":{"line":12,"column":44},"end":{"line":12,"column":58}},"6":{"start":{"line":13,"column":44},"end":{"line":13,"column":59}},"7":{"start":{"line":14,"column":20},"end":{"line":14,"column":32}},"8":{"start":{"line":15,"column":22},"end":{"line":24,"column":5}},"9":{"start":{"line":16,"column":6},"end":{"line":16,"column":25}},"10":{"start":{"line":16,"column":19},"end":{"line":16,"column":25}},"11":{"start":{"line":17,"column":20},"end":{"line":20,"column":20}},"12":{"start":{"line":21,"column":6},"end":{"line":21,"column":29}},"13":{"start":{"line":22,"column":10},"end":{"line":22,"column":77}},"14":{"start":{"line":25,"column":26},"end":{"line":27,"column":5}},"15":{"start":{"line":26,"column":19},"end":{"line":26,"column":32}},"16":{"start":{"line":28,"column":4},"end":{"line":30,"column":11}},"17":{"start":{"line":29,"column":10},"end":{"line":29,"column":24}},"18":{"start":{"line":31,"column":4},"end":{"line":33,"column":11}},"19":{"start":{"line":32,"column":10},"end":{"line":32,"column":25}},"20":{"start":{"line":35,"column":4},"end":{"line":40,"column":11}},"21":{"start":{"line":36,"column":6},"end":{"line":39,"column":11}},"22":{"start":{"line":37,"column":27},"end":{"line":37,"column":65}},"23":{"start":{"line":38,"column":8},"end":{"line":38,"column":47}},"24":{"start":{"line":42,"column":4},"end":{"line":78,"column":3}},"25":{"start":{"line":43,"column":6},"end":{"line":43,"column":22}},"26":{"start":{"line":45,"column":9},"end":{"line":78,"column":3}},"27":{"start":{"line":46,"column":6},"end":{"line":46,"column":46}},"28":{"start":{"line":48,"column":9},"end":{"line":78,"column":3}},"29":{"start":{"line":49,"column":4},"end":{"line":74,"column":6}},"30":{"start":{"line":52,"column":12},"end":{"line":52,"column":22}},"31":{"start":{"line":58,"column":16},"end":{"line":62,"column":18}},"32":{"start":{"line":77,"column":2},"end":{"line":77,"column":18}},"33":{"start":{"line":81,"column":15},"end":{"line":117,"column":2}}},"fnMap":{"0":{"name":"(anonymous_0)","decl":{"start":{"line":7,"column":21},"end":{"line":7,"column":22}},"loc":{"start":{"line":7,"column":46},"end":{"line":79,"column":1}},"line":7},"1":{"name":"(anonymous_1)","decl":{"start":{"line":15,"column":22},"end":{"line":15,"column":23}},"loc":{"start":{"line":15,"column":34},"end":{"line":24,"column":5}},"line":15},"2":{"name":"(anonymous_2)","decl":{"start":{"line":25,"column":26},"end":{"line":25,"column":27}},"loc":{"start":{"line":25,"column":36},"end":{"line":27,"column":5}},"line":25},"3":{"name":"(anonymous_3)","decl":{"start":{"line":28,"column":36},"end":{"line":28,"column":37}},"loc":{"start":{"line":28,"column":42},"end":{"line":30,"column":9}},"line":28},"4":{"name":"(anonymous_4)","decl":{"start":{"line":31,"column":35},"end":{"line":31,"column":36}},"loc":{"start":{"line":31,"column":41},"end":{"line":33,"column":9}},"line":31},"5":{"name":"(anonymous_5)","decl":{"start":{"line":35,"column":14},"end":{"line":35,"column":15}},"loc":{"start":{"line":35,"column":20},"end":{"line":40,"column":5}},"line":35},"6":{"name":"(anonymous_6)","decl":{"start":{"line":36,"column":7},"end":{"line":36,"column":8}},"loc":{"start":{"line":36,"column":19},"end":{"line":39,"column":7}},"line":36},"7":{"name":"(anonymous_7)","decl":{"start":{"line":51,"column":55},"end":{"line":51,"column":56}},"loc":{"start":{"line":51,"column":62},"end":{"line":53,"column":11}},"line":51},"8":{"name":"(anonymous_8)","decl":{"start":{"line":57,"column":23},"end":{"line":57,"column":24}},"loc":{"start":{"line":57,"column":29},"end":{"line":63,"column":15}},"line":57}},"branchMap":{"0":{"loc":{"start":{"line":16,"column":6},"end":{"line":16,"column":25}},"type":"if","locations":[{"start":{"line":16,"column":6},"end":{"line":16,"column":25}},{"start":{},"end":{}}],"line":16},"1":{"loc":{"start":{"line":42,"column":4},"end":{"line":78,"column":3}},"type":"if","locations":[{"start":{"line":42,"column":4},"end":{"line":78,"column":3}},{"start":{"line":45,"column":9},"end":{"line":78,"column":3}}],"line":42},"2":{"loc":{"start":{"line":45,"column":9},"end":{"line":78,"column":3}},"type":"if","locations":[{"start":{"line":45,"column":9},"end":{"line":78,"column":3}},{"start":{"line":48,"column":9},"end":{"line":78,"column":3}}],"line":45},"3":{"loc":{"start":{"line":48,"column":9},"end":{"line":78,"column":3}},"type":"if","locations":[{"start":{"line":48,"column":9},"end":{"line":78,"column":3}},{"start":{"line":76,"column":6},"end":{"line":78,"column":3}}],"line":48},"4":{"loc":{"start":{"line":59,"column":18},"end":{"line":61,"column":48}},"type":"cond-expr","locations":[{"start":{"line":60,"column":22},"end":{"line":60,"column":49}},{"start":{"line":61,"column":22},"end":{"line":61,"column":48}}],"line":59}},"s":{"0":1,"1":0,"2":0,"3":0,"4":0,"5":0,"6":0,"7":0,"8":0,"9":0,"10":0,"11":0,"12":0,"13":0,"14":0,"15":0,"16":0,"17":0,"18":0,"19":0,"20":0,"21":0,"22":0,"23":0,"24":0,"25":0,"26":0,"27":0,"28":0,"29":0,"30":0,"31":0,"32":0,"33":1},"f":{"0":0,"1":0,"2":0,"3":0,"4":0,"5":0,"6":0,"7":0,"8":0},"b":{"0":[0,0],"1":[0,0],"2":[0,0],"3":[0,0],"4":[0,0]},"_coverageSchema":"1a1c01bbd47fc00a2c39e90264f33305004495a9","hash":"9b62fc540afe8432fb942757001ef46fba6b48a7"}
,"/Users/mougette/git/SplitPal/src/screens/ChangePassword.js": {"path":"/Users/mougette/git/SplitPal/src/screens/ChangePassword.js","statementMap":{"0":{"start":{"line":8,"column":23},"end":{"line":66,"column":1}},"1":{"start":{"line":9,"column":27},"end":{"line":9,"column":50}},"2":{"start":{"line":10,"column":40},"end":{"line":10,"column":52}},"3":{"start":{"line":11,"column":42},"end":{"line":11,"column":54}},"4":{"start":{"line":12,"column":42},"end":{"line":12,"column":54}},"5":{"start":{"line":15,"column":4},"end":{"line":15,"column":36}},"6":{"start":{"line":16,"column":4},"end":{"line":22,"column":18}},"7":{"start":{"line":25,"column":2},"end":{"line":65,"column":4}},"8":{"start":{"line":61,"column":29},"end":{"line":61,"column":65}},"9":{"start":{"line":68,"column":15},"end":{"line":79,"column":2}}},"fnMap":{"0":{"name":"(anonymous_0)","decl":{"start":{"line":8,"column":23},"end":{"line":8,"column":24}},"loc":{"start":{"line":8,"column":41},"end":{"line":66,"column":1}},"line":8},"1":{"name":"handleEditClick","decl":{"start":{"line":14,"column":11},"end":{"line":14,"column":26}},"loc":{"start":{"line":14,"column":29},"end":{"line":23,"column":3}},"line":14},"2":{"name":"(anonymous_2)","decl":{"start":{"line":61,"column":23},"end":{"line":61,"column":24}},"loc":{"start":{"line":61,"column":29},"end":{"line":61,"column":65}},"line":61}},"branchMap":{},"s":{"0":2,"1":1,"2":1,"3":1,"4":1,"5":0,"6":0,"7":1,"8":0,"9":2},"f":{"0":1,"1":0,"2":0},"b":{},"_coverageSchema":"1a1c01bbd47fc00a2c39e90264f33305004495a9","hash":"ee308d773b935c3c44514de8e7c9a58a57c1d912"}
,"/Users/mougette/git/SplitPal/src/screens/Friends.js": {"path":"/Users/mougette/git/SplitPal/src/screens/Friends.js","statementMap":{"0":{"start":{"line":10,"column":16},"end":{"line":125,"column":1}},"1":{"start":{"line":11,"column":29},"end":{"line":11,"column":52}},"2":{"start":{"line":12,"column":24},"end":{"line":12,"column":36}},"3":{"start":{"line":13,"column":26},"end":{"line":13,"column":38}},"4":{"start":{"line":14,"column":0},"end":{"line":22,"column":16}},"5":{"start":{"line":15,"column":20},"end":{"line":20,"column":5}},"6":{"start":{"line":16,"column":0},"end":{"line":17,"column":52}},"7":{"start":{"line":17,"column":21},"end":{"line":17,"column":50}},"8":{"start":{"line":18,"column":0},"end":{"line":19,"column":53}},"9":{"start":{"line":19,"column":21},"end":{"line":19,"column":51}},"10":{"start":{"line":21,"column":5},"end":{"line":21,"column":23}},"11":{"start":{"line":23,"column":21},"end":{"line":101,"column":3}},"12":{"start":{"line":24,"column":2},"end":{"line":100,"column":5}},"13":{"start":{"line":25,"column":2},"end":{"line":79,"column":8}},"14":{"start":{"line":31,"column":14},"end":{"line":75,"column":16}},"15":{"start":{"line":38,"column":14},"end":{"line":43,"column":24}},"16":{"start":{"line":44,"column":14},"end":{"line":51,"column":27}},"17":{"start":{"line":45,"column":18},"end":{"line":46,"column":67}},"18":{"start":{"line":46,"column":36},"end":{"line":46,"column":65}},"19":{"start":{"line":47,"column":18},"end":{"line":47,"column":35}},"20":{"start":{"line":48,"column":18},"end":{"line":49,"column":68}},"21":{"start":{"line":49,"column":36},"end":{"line":49,"column":66}},"22":{"start":{"line":50,"column":18},"end":{"line":50,"column":36}},"23":{"start":{"line":57,"column":28},"end":{"line":62,"column":38}},"24":{"start":{"line":64,"column":28},"end":{"line":71,"column":43}},"25":{"start":{"line":65,"column":28},"end":{"line":66,"column":80}},"26":{"start":{"line":66,"column":49},"end":{"line":66,"column":78}},"27":{"start":{"line":67,"column":29},"end":{"line":67,"column":46}},"28":{"start":{"line":68,"column":28},"end":{"line":69,"column":81}},"29":{"start":{"line":69,"column":49},"end":{"line":69,"column":79}},"30":{"start":{"line":70,"column":31},"end":{"line":70,"column":49}},"31":{"start":{"line":81,"column":7},"end":{"line":100,"column":5}},"32":{"start":{"line":82,"column":6},"end":{"line":89,"column":8}},"33":{"start":{"line":87,"column":32},"end":{"line":87,"column":87}},"34":{"start":{"line":92,"column":4},"end":{"line":99,"column":6}},"35":{"start":{"line":97,"column":30},"end":{"line":97,"column":48}},"36":{"start":{"line":103,"column":2},"end":{"line":124,"column":4}},"37":{"start":{"line":105,"column":86},"end":{"line":105,"column":120}},"38":{"start":{"line":110,"column":47},"end":{"line":110,"column":63}},"39":{"start":{"line":119,"column":47},"end":{"line":119,"column":63}},"40":{"start":{"line":127,"column":15},"end":{"line":177,"column":2}}},"fnMap":{"0":{"name":"(anonymous_0)","decl":{"start":{"line":10,"column":16},"end":{"line":10,"column":17}},"loc":{"start":{"line":10,"column":34},"end":{"line":125,"column":1}},"line":10},"1":{"name":"(anonymous_1)","decl":{"start":{"line":14,"column":10},"end":{"line":14,"column":11}},"loc":{"start":{"line":14,"column":16},"end":{"line":22,"column":1}},"line":14},"2":{"name":"(anonymous_2)","decl":{"start":{"line":15,"column":52},"end":{"line":15,"column":53}},"loc":{"start":{"line":15,"column":58},"end":{"line":20,"column":4}},"line":15},"3":{"name":"(anonymous_3)","decl":{"start":{"line":17,"column":9},"end":{"line":17,"column":10}},"loc":{"start":{"line":17,"column":21},"end":{"line":17,"column":50}},"line":17},"4":{"name":"(anonymous_4)","decl":{"start":{"line":19,"column":9},"end":{"line":19,"column":10}},"loc":{"start":{"line":19,"column":21},"end":{"line":19,"column":51}},"line":19},"5":{"name":"(anonymous_5)","decl":{"start":{"line":23,"column":21},"end":{"line":23,"column":22}},"loc":{"start":{"line":23,"column":41},"end":{"line":101,"column":3}},"line":23},"6":{"name":"(anonymous_6)","decl":{"start":{"line":30,"column":26},"end":{"line":30,"column":27}},"loc":{"start":{"line":30,"column":32},"end":{"line":76,"column":15}},"line":30},"7":{"name":"(anonymous_7)","decl":{"start":{"line":37,"column":23},"end":{"line":37,"column":24}},"loc":{"start":{"line":37,"column":28},"end":{"line":52,"column":21}},"line":37},"8":{"name":"(anonymous_8)","decl":{"start":{"line":44,"column":25},"end":{"line":44,"column":26}},"loc":{"start":{"line":44,"column":31},"end":{"line":51,"column":19}},"line":44},"9":{"name":"(anonymous_9)","decl":{"start":{"line":46,"column":24},"end":{"line":46,"column":25}},"loc":{"start":{"line":46,"column":36},"end":{"line":46,"column":65}},"line":46},"10":{"name":"(anonymous_10)","decl":{"start":{"line":49,"column":24},"end":{"line":49,"column":25}},"loc":{"start":{"line":49,"column":36},"end":{"line":49,"column":66}},"line":49},"11":{"name":"(anonymous_11)","decl":{"start":{"line":56,"column":37},"end":{"line":56,"column":38}},"loc":{"start":{"line":56,"column":42},"end":{"line":72,"column":35}},"line":56},"12":{"name":"(anonymous_12)","decl":{"start":{"line":64,"column":39},"end":{"line":64,"column":40}},"loc":{"start":{"line":64,"column":45},"end":{"line":71,"column":35}},"line":64},"13":{"name":"(anonymous_13)","decl":{"start":{"line":66,"column":37},"end":{"line":66,"column":38}},"loc":{"start":{"line":66,"column":49},"end":{"line":66,"column":78}},"line":66},"14":{"name":"(anonymous_14)","decl":{"start":{"line":69,"column":37},"end":{"line":69,"column":38}},"loc":{"start":{"line":69,"column":49},"end":{"line":69,"column":79}},"line":69},"15":{"name":"(anonymous_15)","decl":{"start":{"line":87,"column":26},"end":{"line":87,"column":27}},"loc":{"start":{"line":87,"column":32},"end":{"line":87,"column":87}},"line":87},"16":{"name":"(anonymous_16)","decl":{"start":{"line":97,"column":24},"end":{"line":97,"column":25}},"loc":{"start":{"line":97,"column":30},"end":{"line":97,"column":48}},"line":97},"17":{"name":"(anonymous_17)","decl":{"start":{"line":105,"column":80},"end":{"line":105,"column":81}},"loc":{"start":{"line":105,"column":86},"end":{"line":105,"column":120}},"line":105},"18":{"name":"(anonymous_18)","decl":{"start":{"line":110,"column":30},"end":{"line":110,"column":31}},"loc":{"start":{"line":110,"column":47},"end":{"line":110,"column":63}},"line":110},"19":{"name":"(anonymous_19)","decl":{"start":{"line":119,"column":30},"end":{"line":119,"column":31}},"loc":{"start":{"line":119,"column":47},"end":{"line":119,"column":63}},"line":119}},"branchMap":{"0":{"loc":{"start":{"line":24,"column":2},"end":{"line":100,"column":5}},"type":"if","locations":[{"start":{"line":24,"column":2},"end":{"line":100,"column":5}},{"start":{"line":81,"column":7},"end":{"line":100,"column":5}}],"line":24},"1":{"loc":{"start":{"line":81,"column":7},"end":{"line":100,"column":5}},"type":"if","locations":[{"start":{"line":81,"column":7},"end":{"line":100,"column":5}},{"start":{"line":91,"column":6},"end":{"line":100,"column":5}}],"line":81}},"s":{"0":2,"1":13,"2":13,"3":13,"4":13,"5":3,"6":3,"7":3,"8":3,"9":3,"10":3,"11":13,"12":102,"13":17,"14":1,"15":1,"16":1,"17":1,"18":1,"19":1,"20":1,"21":1,"22":1,"23":1,"24":1,"25":1,"26":1,"27":1,"28":1,"29":1,"30":1,"31":85,"32":68,"33":1,"34":17,"35":0,"36":13,"37":1,"38":90,"39":63,"40":2},"f":{"0":13,"1":3,"2":3,"3":3,"4":3,"5":102,"6":1,"7":1,"8":1,"9":1,"10":1,"11":1,"12":1,"13":1,"14":1,"15":1,"16":0,"17":1,"18":90,"19":63},"b":{"0":[17,85],"1":[68,17]},"_coverageSchema":"1a1c01bbd47fc00a2c39e90264f33305004495a9","hash":"be8df0d814f988dc91212acefc3747d2807b1949"}
,"/Users/mougette/git/SplitPal/src/screens/Groups.js": {"path":"/Users/mougette/git/SplitPal/src/screens/Groups.js","statementMap":{"0":{"start":{"line":10,"column":15},"end":{"line":45,"column":1}},"1":{"start":{"line":11,"column":29},"end":{"line":11,"column":52}},"2":{"start":{"line":12,"column":24},"end":{"line":12,"column":36}},"3":{"start":{"line":13,"column":0},"end":{"line":19,"column":16}},"4":{"start":{"line":14,"column":20},"end":{"line":17,"column":5}},"5":{"start":{"line":15,"column":0},"end":{"line":16,"column":52}},"6":{"start":{"line":16,"column":21},"end":{"line":16,"column":50}},"7":{"start":{"line":18,"column":5},"end":{"line":18,"column":23}},"8":{"start":{"line":20,"column":23},"end":{"line":30,"column":5}},"9":{"start":{"line":21,"column":4},"end":{"line":21,"column":21}},"10":{"start":{"line":22,"column":8},"end":{"line":29,"column":10}},"11":{"start":{"line":27,"column":34},"end":{"line":27,"column":94}},"12":{"start":{"line":32,"column":2},"end":{"line":44,"column":4}},"13":{"start":{"line":34,"column":93},"end":{"line":34,"column":125}},"14":{"start":{"line":39,"column":51},"end":{"line":39,"column":67}},"15":{"start":{"line":47,"column":15},"end":{"line":61,"column":2}}},"fnMap":{"0":{"name":"(anonymous_0)","decl":{"start":{"line":10,"column":15},"end":{"line":10,"column":16}},"loc":{"start":{"line":10,"column":33},"end":{"line":45,"column":1}},"line":10},"1":{"name":"(anonymous_1)","decl":{"start":{"line":13,"column":10},"end":{"line":13,"column":11}},"loc":{"start":{"line":13,"column":16},"end":{"line":19,"column":1}},"line":13},"2":{"name":"(anonymous_2)","decl":{"start":{"line":14,"column":52},"end":{"line":14,"column":53}},"loc":{"start":{"line":14,"column":58},"end":{"line":17,"column":4}},"line":14},"3":{"name":"(anonymous_3)","decl":{"start":{"line":16,"column":9},"end":{"line":16,"column":10}},"loc":{"start":{"line":16,"column":21},"end":{"line":16,"column":50}},"line":16},"4":{"name":"(anonymous_4)","decl":{"start":{"line":20,"column":23},"end":{"line":20,"column":24}},"loc":{"start":{"line":20,"column":43},"end":{"line":30,"column":5}},"line":20},"5":{"name":"(anonymous_5)","decl":{"start":{"line":27,"column":28},"end":{"line":27,"column":29}},"loc":{"start":{"line":27,"column":34},"end":{"line":27,"column":94}},"line":27},"6":{"name":"(anonymous_6)","decl":{"start":{"line":34,"column":87},"end":{"line":34,"column":88}},"loc":{"start":{"line":34,"column":93},"end":{"line":34,"column":125}},"line":34},"7":{"name":"(anonymous_7)","decl":{"start":{"line":39,"column":34},"end":{"line":39,"column":35}},"loc":{"start":{"line":39,"column":51},"end":{"line":39,"column":67}},"line":39}},"branchMap":{},"s":{"0":2,"1":6,"2":6,"3":6,"4":3,"5":3,"6":3,"7":3,"8":6,"9":12,"10":12,"11":1,"12":6,"13":1,"14":21,"15":2},"f":{"0":6,"1":3,"2":3,"3":3,"4":12,"5":1,"6":1,"7":21},"b":{},"_coverageSchema":"1a1c01bbd47fc00a2c39e90264f33305004495a9","hash":"75c788ba5fd36f62a209a24fa5e9c4fc792788f3"}
,"/Users/mougette/git/SplitPal/src/screens/HomeScreen.js": {"path":"/Users/mougette/git/SplitPal/src/screens/HomeScreen.js","statementMap":{"0":{"start":{"line":9,"column":19},"end":{"line":69,"column":1}},"1":{"start":{"line":10,"column":18},"end":{"line":10,"column":41}},"2":{"start":{"line":11,"column":26},"end":{"line":11,"column":38}},"3":{"start":{"line":12,"column":18},"end":{"line":12,"column":57}},"4":{"start":{"line":13,"column":14},"end":{"line":13,"column":58}},"5":{"start":{"line":14,"column":16},"end":{"line":14,"column":53}},"6":{"start":{"line":15,"column":19},"end":{"line":15,"column":41}},"7":{"start":{"line":16,"column":2},"end":{"line":22,"column":18}},"8":{"start":{"line":17,"column":22},"end":{"line":20,"column":4}},"9":{"start":{"line":18,"column":2},"end":{"line":19,"column":42}},"10":{"start":{"line":19,"column":23},"end":{"line":19,"column":40}},"11":{"start":{"line":21,"column":2},"end":{"line":21,"column":20}},"12":{"start":{"line":24,"column":21},"end":{"line":41,"column":3}},"13":{"start":{"line":25,"column":4},"end":{"line":40,"column":6}},"14":{"start":{"line":26,"column":39},"end":{"line":26,"column":100}},"15":{"start":{"line":31,"column":29},"end":{"line":37,"column":110}},"16":{"start":{"line":37,"column":88},"end":{"line":37,"column":109}},"17":{"start":{"line":43,"column":2},"end":{"line":68,"column":4}},"18":{"start":{"line":63,"column":45},"end":{"line":63,"column":61}},"19":{"start":{"line":71,"column":15},"end":{"line":113,"column":2}}},"fnMap":{"0":{"name":"(anonymous_0)","decl":{"start":{"line":9,"column":19},"end":{"line":9,"column":20}},"loc":{"start":{"line":9,"column":37},"end":{"line":69,"column":1}},"line":9},"1":{"name":"(anonymous_1)","decl":{"start":{"line":16,"column":12},"end":{"line":16,"column":13}},"loc":{"start":{"line":16,"column":18},"end":{"line":22,"column":3}},"line":16},"2":{"name":"(anonymous_2)","decl":{"start":{"line":17,"column":54},"end":{"line":17,"column":55}},"loc":{"start":{"line":17,"column":60},"end":{"line":20,"column":3}},"line":17},"3":{"name":"(anonymous_3)","decl":{"start":{"line":19,"column":11},"end":{"line":19,"column":12}},"loc":{"start":{"line":19,"column":23},"end":{"line":19,"column":40}},"line":19},"4":{"name":"(anonymous_4)","decl":{"start":{"line":24,"column":21},"end":{"line":24,"column":22}},"loc":{"start":{"line":24,"column":41},"end":{"line":41,"column":3}},"line":24},"5":{"name":"(anonymous_5)","decl":{"start":{"line":26,"column":33},"end":{"line":26,"column":34}},"loc":{"start":{"line":26,"column":39},"end":{"line":26,"column":100}},"line":26},"6":{"name":"(anonymous_6)","decl":{"start":{"line":31,"column":23},"end":{"line":31,"column":24}},"loc":{"start":{"line":31,"column":29},"end":{"line":37,"column":110}},"line":31},"7":{"name":"(anonymous_7)","decl":{"start":{"line":37,"column":76},"end":{"line":37,"column":77}},"loc":{"start":{"line":37,"column":88},"end":{"line":37,"column":109}},"line":37},"8":{"name":"(anonymous_8)","decl":{"start":{"line":63,"column":28},"end":{"line":63,"column":29}},"loc":{"start":{"line":63,"column":45},"end":{"line":63,"column":61}},"line":63}},"branchMap":{"0":{"loc":{"start":{"line":12,"column":18},"end":{"line":12,"column":57}},"type":"cond-expr","locations":[{"start":{"line":12,"column":31},"end":{"line":12,"column":35}},{"start":{"line":12,"column":37},"end":{"line":12,"column":57}}],"line":12},"1":{"loc":{"start":{"line":13,"column":14},"end":{"line":13,"column":58}},"type":"cond-expr","locations":[{"start":{"line":13,"column":30},"end":{"line":13,"column":45}},{"start":{"line":13,"column":48},"end":{"line":13,"column":58}}],"line":13},"2":{"loc":{"start":{"line":14,"column":16},"end":{"line":14,"column":53}},"type":"cond-expr","locations":[{"start":{"line":14,"column":32},"end":{"line":14,"column":41}},{"start":{"line":14,"column":44},"end":{"line":14,"column":53}}],"line":14},"3":{"loc":{"start":{"line":53,"column":56},"end":{"line":53,"column":95}},"type":"cond-expr","locations":[{"start":{"line":53,"column":69},"end":{"line":53,"column":73}},{"start":{"line":53,"column":75},"end":{"line":53,"column":95}}],"line":53},"4":{"loc":{"start":{"line":61,"column":18},"end":{"line":61,"column":52}},"type":"cond-expr","locations":[{"start":{"line":61,"column":31},"end":{"line":61,"column":35}},{"start":{"line":61,"column":38},"end":{"line":61,"column":52}}],"line":61}},"s":{"0":2,"1":6,"2":6,"3":6,"4":6,"5":6,"6":6,"7":6,"8":3,"9":3,"10":3,"11":3,"12":6,"13":12,"14":0,"15":2,"16":2,"17":6,"18":18,"19":2},"f":{"0":6,"1":3,"2":3,"3":3,"4":12,"5":0,"6":2,"7":2,"8":18},"b":{"0":[3,3],"1":[0,6],"2":[0,6],"3":[3,3],"4":[3,3]},"_coverageSchema":"1a1c01bbd47fc00a2c39e90264f33305004495a9","hash":"c203ad6cffbf6904b14233200165eae62f539aee"}
,"/Users/mougette/git/SplitPal/src/screens/ImageConfirm.js": {"path":"/Users/mougette/git/SplitPal/src/screens/ImageConfirm.js","statementMap":{"0":{"start":{"line":7,"column":21},"end":{"line":39,"column":1}},"1":{"start":{"line":8,"column":26},"end":{"line":8,"column":49}},"2":{"start":{"line":9,"column":19},"end":{"line":9,"column":31}},"3":{"start":{"line":10,"column":19},"end":{"line":10,"column":31}},"4":{"start":{"line":11,"column":18},"end":{"line":11,"column":30}},"5":{"start":{"line":12,"column":20},"end":{"line":18,"column":2}},"6":{"start":{"line":13,"column":1},"end":{"line":17,"column":169}},"7":{"start":{"line":17,"column":26},"end":{"line":17,"column":167}},"8":{"start":{"line":19,"column":2},"end":{"line":38,"column":4}},"9":{"start":{"line":34,"column":58},"end":{"line":34,"column":111}},"10":{"start":{"line":41,"column":15},"end":{"line":58,"column":2}}},"fnMap":{"0":{"name":"(anonymous_0)","decl":{"start":{"line":7,"column":21},"end":{"line":7,"column":22}},"loc":{"start":{"line":7,"column":47},"end":{"line":39,"column":1}},"line":7},"1":{"name":"(anonymous_1)","decl":{"start":{"line":12,"column":20},"end":{"line":12,"column":21}},"loc":{"start":{"line":12,"column":26},"end":{"line":18,"column":2}},"line":12},"2":{"name":"(anonymous_2)","decl":{"start":{"line":17,"column":14},"end":{"line":17,"column":15}},"loc":{"start":{"line":17,"column":26},"end":{"line":17,"column":167}},"line":17},"3":{"name":"(anonymous_3)","decl":{"start":{"line":34,"column":52},"end":{"line":34,"column":53}},"loc":{"start":{"line":34,"column":58},"end":{"line":34,"column":111}},"line":34}},"branchMap":{"0":{"loc":{"start":{"line":17,"column":26},"end":{"line":17,"column":167}},"type":"cond-expr","locations":[{"start":{"line":17,"column":45},"end":{"line":17,"column":107}},{"start":{"line":17,"column":110},"end":{"line":17,"column":167}}],"line":17}},"s":{"0":2,"1":3,"2":3,"3":3,"4":3,"5":3,"6":2,"7":2,"8":3,"9":1,"10":2},"f":{"0":3,"1":2,"2":2,"3":1},"b":{"0":[0,2]},"_coverageSchema":"1a1c01bbd47fc00a2c39e90264f33305004495a9","hash":"923fb27635804be1c65d31952ca308a323079d65"}
,"/Users/mougette/git/SplitPal/src/screens/Profile.js": {"path":"/Users/mougette/git/SplitPal/src/screens/Profile.js","statementMap":{"0":{"start":{"line":9,"column":16},"end":{"line":92,"column":1}},"1":{"start":{"line":10,"column":27},"end":{"line":10,"column":50}},"2":{"start":{"line":11,"column":34},"end":{"line":11,"column":48}},"3":{"start":{"line":12,"column":42},"end":{"line":12,"column":68}},"4":{"start":{"line":13,"column":42},"end":{"line":13,"column":58}},"5":{"start":{"line":14,"column":40},"end":{"line":14,"column":56}},"6":{"start":{"line":15,"column":34},"end":{"line":15,"column":56}},"7":{"start":{"line":16,"column":26},"end":{"line":16,"column":38}},"8":{"start":{"line":18,"column":2},"end":{"line":30,"column":21}},"9":{"start":{"line":19,"column":24},"end":{"line":28,"column":8}},"10":{"start":{"line":20,"column":6},"end":{"line":27,"column":11}},"11":{"start":{"line":22,"column":21},"end":{"line":22,"column":41}},"12":{"start":{"line":23,"column":10},"end":{"line":23,"column":27}},"13":{"start":{"line":24,"column":10},"end":{"line":24,"column":44}},"14":{"start":{"line":25,"column":10},"end":{"line":25,"column":42}},"15":{"start":{"line":26,"column":10},"end":{"line":26,"column":42}},"16":{"start":{"line":29,"column":6},"end":{"line":29,"column":24}},"17":{"start":{"line":34,"column":4},"end":{"line":34,"column":27}},"18":{"start":{"line":35,"column":4},"end":{"line":50,"column":5}},"19":{"start":{"line":36,"column":6},"end":{"line":36,"column":37}},"20":{"start":{"line":39,"column":6},"end":{"line":39,"column":39}},"21":{"start":{"line":40,"column":6},"end":{"line":40,"column":47}},"22":{"start":{"line":41,"column":6},"end":{"line":49,"column":20}},"23":{"start":{"line":53,"column":2},"end":{"line":91,"column":4}},"24":{"start":{"line":87,"column":29},"end":{"line":87,"column":67}},"25":{"start":{"line":94,"column":15},"end":{"line":105,"column":2}}},"fnMap":{"0":{"name":"(anonymous_0)","decl":{"start":{"line":9,"column":16},"end":{"line":9,"column":17}},"loc":{"start":{"line":9,"column":34},"end":{"line":92,"column":1}},"line":9},"1":{"name":"(anonymous_1)","decl":{"start":{"line":18,"column":12},"end":{"line":18,"column":13}},"loc":{"start":{"line":18,"column":18},"end":{"line":30,"column":5}},"line":18},"2":{"name":"(anonymous_2)","decl":{"start":{"line":19,"column":56},"end":{"line":19,"column":57}},"loc":{"start":{"line":19,"column":62},"end":{"line":28,"column":7}},"line":19},"3":{"name":"(anonymous_3)","decl":{"start":{"line":21,"column":14},"end":{"line":21,"column":15}},"loc":{"start":{"line":21,"column":26},"end":{"line":27,"column":9}},"line":21},"4":{"name":"handleEditClick","decl":{"start":{"line":33,"column":11},"end":{"line":33,"column":26}},"loc":{"start":{"line":33,"column":29},"end":{"line":51,"column":3}},"line":33},"5":{"name":"(anonymous_5)","decl":{"start":{"line":87,"column":23},"end":{"line":87,"column":24}},"loc":{"start":{"line":87,"column":29},"end":{"line":87,"column":67}},"line":87}},"branchMap":{"0":{"loc":{"start":{"line":35,"column":4},"end":{"line":50,"column":5}},"type":"if","locations":[{"start":{"line":35,"column":4},"end":{"line":50,"column":5}},{"start":{"line":38,"column":9},"end":{"line":50,"column":5}}],"line":35}},"s":{"0":2,"1":9,"2":9,"3":9,"4":9,"5":9,"6":9,"7":9,"8":9,"9":2,"10":2,"11":2,"12":2,"13":2,"14":2,"15":2,"16":2,"17":2,"18":2,"19":1,"20":1,"21":1,"22":1,"23":9,"24":0,"25":2},"f":{"0":9,"1":2,"2":2,"3":2,"4":2,"5":0},"b":{"0":[1,1]},"_coverageSchema":"1a1c01bbd47fc00a2c39e90264f33305004495a9","hash":"2c95b00612b761fc1b86040f611a7d7a7d3449f4"}
,"/Users/mougette/git/SplitPal/src/screens/Signin.js": {"path":"/Users/mougette/git/SplitPal/src/screens/Signin.js","statementMap":{"0":{"start":{"line":8,"column":15},"end":{"line":53,"column":1}},"1":{"start":{"line":9,"column":28},"end":{"line":9,"column":40}},"2":{"start":{"line":10,"column":34},"end":{"line":10,"column":46}},"3":{"start":{"line":11,"column":26},"end":{"line":11,"column":49}},"4":{"start":{"line":13,"column":2},"end":{"line":52,"column":4}},"5":{"start":{"line":41,"column":12},"end":{"line":41,"column":38}},"6":{"start":{"line":46,"column":43},"end":{"line":46,"column":72}},"7":{"start":{"line":55,"column":15},"end":{"line":80,"column":2}}},"fnMap":{"0":{"name":"(anonymous_0)","decl":{"start":{"line":8,"column":15},"end":{"line":8,"column":16}},"loc":{"start":{"line":8,"column":33},"end":{"line":53,"column":1}},"line":8},"1":{"name":"(anonymous_1)","decl":{"start":{"line":40,"column":19},"end":{"line":40,"column":20}},"loc":{"start":{"line":40,"column":25},"end":{"line":42,"column":11}},"line":40},"2":{"name":"(anonymous_2)","decl":{"start":{"line":46,"column":37},"end":{"line":46,"column":38}},"loc":{"start":{"line":46,"column":43},"end":{"line":46,"column":72}},"line":46}},"branchMap":{},"s":{"0":4,"1":4,"2":4,"3":4,"4":4,"5":2,"6":1,"7":4},"f":{"0":4,"1":2,"2":1},"b":{},"_coverageSchema":"1a1c01bbd47fc00a2c39e90264f33305004495a9","hash":"02739c9fecd87f7238614199e859c1f2f02ba4a8"}
,"/Users/mougette/git/SplitPal/src/screens/Signup.js": {"path":"/Users/mougette/git/SplitPal/src/screens/Signup.js","statementMap":{"0":{"start":{"line":8,"column":15},"end":{"line":63,"column":1}},"1":{"start":{"line":9,"column":28},"end":{"line":9,"column":40}},"2":{"start":{"line":10,"column":34},"end":{"line":10,"column":46}},"3":{"start":{"line":11,"column":36},"end":{"line":11,"column":48}},"4":{"start":{"line":12,"column":26},"end":{"line":12,"column":49}},"5":{"start":{"line":14,"column":2},"end":{"line":62,"column":4}},"6":{"start":{"line":51,"column":14},"end":{"line":51,"column":106}},"7":{"start":{"line":56,"column":43},"end":{"line":56,"column":72}},"8":{"start":{"line":65,"column":15},"end":{"line":90,"column":2}}},"fnMap":{"0":{"name":"(anonymous_0)","decl":{"start":{"line":8,"column":15},"end":{"line":8,"column":16}},"loc":{"start":{"line":8,"column":33},"end":{"line":63,"column":1}},"line":8},"1":{"name":"(anonymous_1)","decl":{"start":{"line":50,"column":19},"end":{"line":50,"column":20}},"loc":{"start":{"line":50,"column":25},"end":{"line":52,"column":11}},"line":50},"2":{"name":"(anonymous_2)","decl":{"start":{"line":56,"column":37},"end":{"line":56,"column":38}},"loc":{"start":{"line":56,"column":43},"end":{"line":56,"column":72}},"line":56}},"branchMap":{},"s":{"0":4,"1":3,"2":3,"3":3,"4":3,"5":3,"6":1,"7":0,"8":4},"f":{"0":3,"1":1,"2":0},"b":{},"_coverageSchema":"1a1c01bbd47fc00a2c39e90264f33305004495a9","hash":"6104822107411e0f7a675b3652c8b6c4f7d46525"}
,"/Users/mougette/git/SplitPal/src/screens/SignupInfo.js": {"path":"/Users/mougette/git/SplitPal/src/screens/SignupInfo.js","statementMap":{"0":{"start":{"line":8,"column":19},"end":{"line":49,"column":1}},"1":{"start":{"line":9,"column":43},"end":{"line":9,"column":55}},"2":{"start":{"line":10,"column":36},"end":{"line":10,"column":48}},"3":{"start":{"line":11,"column":34},"end":{"line":11,"column":46}},"4":{"start":{"line":12,"column":40},"end":{"line":12,"column":52}},"5":{"start":{"line":13,"column":26},"end":{"line":13,"column":49}},"6":{"start":{"line":15,"column":2},"end":{"line":48,"column":4}},"7":{"start":{"line":44,"column":10},"end":{"line":44,"column":81}},"8":{"start":{"line":51,"column":15},"end":{"line":76,"column":2}}},"fnMap":{"0":{"name":"(anonymous_0)","decl":{"start":{"line":8,"column":19},"end":{"line":8,"column":20}},"loc":{"start":{"line":8,"column":47},"end":{"line":49,"column":1}},"line":8},"1":{"name":"(anonymous_1)","decl":{"start":{"line":43,"column":17},"end":{"line":43,"column":18}},"loc":{"start":{"line":43,"column":23},"end":{"line":45,"column":9}},"line":43}},"branchMap":{},"s":{"0":3,"1":4,"2":4,"3":4,"4":4,"5":4,"6":4,"7":2,"8":3},"f":{"0":4,"1":2},"b":{},"_coverageSchema":"1a1c01bbd47fc00a2c39e90264f33305004495a9","hash":"733c82c2491b147435bbb27fee09567c0af9a28f"}
,"/Users/mougette/git/SplitPal/src/screens/Split.js": {"path":"/Users/mougette/git/SplitPal/src/screens/Split.js","statementMap":{"0":{"start":{"line":9,"column":4},"end":{"line":9,"column":17}},"1":{"start":{"line":10,"column":4},"end":{"line":10,"column":38}},"2":{"start":{"line":11,"column":4},"end":{"line":11,"column":44}},"3":{"start":{"line":12,"column":4},"end":{"line":12,"column":50}},"4":{"start":{"line":13,"column":4},"end":{"line":16,"column":5}},"5":{"start":{"line":19,"column":2},"end":{"line":40,"column":3}},"6":{"start":{"line":20,"column":2},"end":{"line":20,"column":41}},"7":{"start":{"line":21,"column":14},"end":{"line":21,"column":41}},"8":{"start":{"line":22,"column":15},"end":{"line":22,"column":82}},"9":{"start":{"line":23,"column":2},"end":{"line":33,"column":5}},"10":{"start":{"line":23,"column":14},"end":{"line":23,"column":19}},"11":{"start":{"line":24,"column":22},"end":{"line":24,"column":42}},"12":{"start":{"line":25,"column":22},"end":{"line":25,"column":53}},"13":{"start":{"line":26,"column":11},"end":{"line":28,"column":33}},"14":{"start":{"line":29,"column":11},"end":{"line":31,"column":9}},"15":{"start":{"line":32,"column":6},"end":{"line":32,"column":39}},"16":{"start":{"line":35,"column":4},"end":{"line":39,"column":5}},"17":{"start":{"line":35,"column":16},"end":{"line":35,"column":21}},"18":{"start":{"line":36,"column":6},"end":{"line":36,"column":20}},"19":{"start":{"line":37,"column":6},"end":{"line":37,"column":26}},"20":{"start":{"line":38,"column":6},"end":{"line":38,"column":39}},"21":{"start":{"line":45,"column":17},"end":{"line":59,"column":3}},"22":{"start":{"line":46,"column":20},"end":{"line":46,"column":40}},"23":{"start":{"line":47,"column":4},"end":{"line":57,"column":8}},"24":{"start":{"line":50,"column":30},"end":{"line":50,"column":63}},"25":{"start":{"line":54,"column":36},"end":{"line":54,"column":70}},"26":{"start":{"line":58,"column":4},"end":{"line":58,"column":33}},"27":{"start":{"line":62,"column":20},"end":{"line":68,"column":3}},"28":{"start":{"line":63,"column":20},"end":{"line":63,"column":40}},"29":{"start":{"line":64,"column":20},"end":{"line":64,"column":40}},"30":{"start":{"line":65,"column":4},"end":{"line":65,"column":20}},"31":{"start":{"line":66,"column":4},"end":{"line":66,"column":20}},"32":{"start":{"line":67,"column":4},"end":{"line":67,"column":43}},"33":{"start":{"line":71,"column":14},"end":{"line":97,"column":3}},"34":{"start":{"line":72,"column":20},"end":{"line":72,"column":40}},"35":{"start":{"line":73,"column":20},"end":{"line":73,"column":25}},"36":{"start":{"line":74,"column":4},"end":{"line":84,"column":5}},"37":{"start":{"line":75,"column":8},"end":{"line":83,"column":9}},"38":{"start":{"line":75,"column":20},"end":{"line":75,"column":21}},"39":{"start":{"line":76,"column":9},"end":{"line":82,"column":10}},"40":{"start":{"line":77,"column":12},"end":{"line":80,"column":44}},"41":{"start":{"line":78,"column":16},"end":{"line":78,"column":46}},"42":{"start":{"line":80,"column":16},"end":{"line":80,"column":44}},"43":{"start":{"line":81,"column":12},"end":{"line":81,"column":29}},"44":{"start":{"line":85,"column":4},"end":{"line":96,"column":3}},"45":{"start":{"line":86,"column":4},"end":{"line":88,"column":7}},"46":{"start":{"line":91,"column":20},"end":{"line":91,"column":51}},"47":{"start":{"line":92,"column":4},"end":{"line":92,"column":78}},"48":{"start":{"line":93,"column":4},"end":{"line":95,"column":7}},"49":{"start":{"line":100,"column":14},"end":{"line":116,"column":3}},"50":{"start":{"line":101,"column":14},"end":{"line":106,"column":32}},"51":{"start":{"line":107,"column":4},"end":{"line":107,"column":21}},"52":{"start":{"line":108,"column":4},"end":{"line":113,"column":7}},"53":{"start":{"line":109,"column":23},"end":{"line":109,"column":45}},"54":{"start":{"line":110,"column":4},"end":{"line":110,"column":29}},"55":{"start":{"line":111,"column":4},"end":{"line":111,"column":29}},"56":{"start":{"line":114,"column":4},"end":{"line":114,"column":36}},"57":{"start":{"line":115,"column":4},"end":{"line":115,"column":35}},"58":{"start":{"line":120,"column":27},"end":{"line":120,"column":37}},"59":{"start":{"line":121,"column":4},"end":{"line":154,"column":5}},"60":{"start":{"line":130,"column":16},"end":{"line":130,"column":28}},"61":{"start":{"line":134,"column":71},"end":{"line":134,"column":117}},"62":{"start":{"line":139,"column":71},"end":{"line":139,"column":93}},"63":{"start":{"line":146,"column":71},"end":{"line":146,"column":87}},"64":{"start":{"line":149,"column":71},"end":{"line":149,"column":128}},"65":{"start":{"line":158,"column":15},"end":{"line":227,"column":2}}},"fnMap":{"0":{"name":"(anonymous_0)","decl":{"start":{"line":8,"column":2},"end":{"line":8,"column":3}},"loc":{"start":{"line":8,"column":20},"end":{"line":17,"column":3}},"line":8},"1":{"name":"(anonymous_1)","decl":{"start":{"line":18,"column":2},"end":{"line":18,"column":3}},"loc":{"start":{"line":18,"column":32},"end":{"line":42,"column":3}},"line":18},"2":{"name":"(anonymous_2)","decl":{"start":{"line":45,"column":17},"end":{"line":45,"column":18}},"loc":{"start":{"line":45,"column":28},"end":{"line":59,"column":3}},"line":45},"3":{"name":"(anonymous_3)","decl":{"start":{"line":50,"column":20},"end":{"line":50,"column":21}},"loc":{"start":{"line":50,"column":30},"end":{"line":50,"column":63}},"line":50},"4":{"name":"(anonymous_4)","decl":{"start":{"line":54,"column":26},"end":{"line":54,"column":27}},"loc":{"start":{"line":54,"column":36},"end":{"line":54,"column":70}},"line":54},"5":{"name":"(anonymous_5)","decl":{"start":{"line":62,"column":20},"end":{"line":62,"column":21}},"loc":{"start":{"line":62,"column":26},"end":{"line":68,"column":3}},"line":62},"6":{"name":"(anonymous_6)","decl":{"start":{"line":71,"column":14},"end":{"line":71,"column":15}},"loc":{"start":{"line":71,"column":37},"end":{"line":97,"column":3}},"line":71},"7":{"name":"(anonymous_7)","decl":{"start":{"line":100,"column":14},"end":{"line":100,"column":15}},"loc":{"start":{"line":100,"column":20},"end":{"line":116,"column":3}},"line":100},"8":{"name":"(anonymous_8)","decl":{"start":{"line":109,"column":10},"end":{"line":109,"column":11}},"loc":{"start":{"line":109,"column":22},"end":{"line":113,"column":5}},"line":109},"9":{"name":"(anonymous_9)","decl":{"start":{"line":119,"column":2},"end":{"line":119,"column":3}},"loc":{"start":{"line":119,"column":10},"end":{"line":155,"column":3}},"line":119},"10":{"name":"(anonymous_10)","decl":{"start":{"line":129,"column":32},"end":{"line":129,"column":33}},"loc":{"start":{"line":129,"column":43},"end":{"line":131,"column":15}},"line":129},"11":{"name":"(anonymous_11)","decl":{"start":{"line":134,"column":65},"end":{"line":134,"column":66}},"loc":{"start":{"line":134,"column":71},"end":{"line":134,"column":117}},"line":134},"12":{"name":"(anonymous_12)","decl":{"start":{"line":139,"column":65},"end":{"line":139,"column":66}},"loc":{"start":{"line":139,"column":71},"end":{"line":139,"column":93}},"line":139},"13":{"name":"(anonymous_13)","decl":{"start":{"line":146,"column":65},"end":{"line":146,"column":66}},"loc":{"start":{"line":146,"column":71},"end":{"line":146,"column":87}},"line":146},"14":{"name":"(anonymous_14)","decl":{"start":{"line":149,"column":65},"end":{"line":149,"column":66}},"loc":{"start":{"line":149,"column":71},"end":{"line":149,"column":128}},"line":149}},"branchMap":{"0":{"loc":{"start":{"line":19,"column":2},"end":{"line":40,"column":3}},"type":"if","locations":[{"start":{"line":19,"column":2},"end":{"line":40,"column":3}},{"start":{},"end":{}}],"line":19},"1":{"loc":{"start":{"line":51,"column":20},"end":{"line":51,"column":105}},"type":"cond-expr","locations":[{"start":{"line":51,"column":63},"end":{"line":51,"column":65}},{"start":{"line":51,"column":68},"end":{"line":51,"column":105}}],"line":51},"2":{"loc":{"start":{"line":55,"column":26},"end":{"line":55,"column":128}},"type":"cond-expr","locations":[{"start":{"line":55,"column":69},"end":{"line":55,"column":71}},{"start":{"line":55,"column":74},"end":{"line":55,"column":128}}],"line":55},"3":{"loc":{"start":{"line":74,"column":4},"end":{"line":84,"column":5}},"type":"if","locations":[{"start":{"line":74,"column":4},"end":{"line":84,"column":5}},{"start":{},"end":{}}],"line":74},"4":{"loc":{"start":{"line":76,"column":9},"end":{"line":82,"column":10}},"type":"if","locations":[{"start":{"line":76,"column":9},"end":{"line":82,"column":10}},{"start":{},"end":{}}],"line":76},"5":{"loc":{"start":{"line":77,"column":12},"end":{"line":80,"column":44}},"type":"if","locations":[{"start":{"line":77,"column":12},"end":{"line":80,"column":44}},{"start":{"line":80,"column":16},"end":{"line":80,"column":44}}],"line":77},"6":{"loc":{"start":{"line":85,"column":4},"end":{"line":96,"column":3}},"type":"if","locations":[{"start":{"line":85,"column":4},"end":{"line":96,"column":3}},{"start":{"line":90,"column":7},"end":{"line":96,"column":3}}],"line":85}},"s":{"0":4,"1":4,"2":4,"3":4,"4":4,"5":8,"6":1,"7":1,"8":1,"9":1,"10":1,"11":4,"12":4,"13":4,"14":4,"15":4,"16":1,"17":1,"18":4,"19":4,"20":4,"21":4,"22":7,"23":7,"24":2,"25":1,"26":7,"27":4,"28":1,"29":1,"30":1,"31":1,"32":1,"33":4,"34":3,"35":3,"36":3,"37":2,"38":2,"39":2,"40":2,"41":1,"42":1,"43":2,"44":3,"45":2,"46":1,"47":1,"48":1,"49":4,"50":1,"51":1,"52":1,"53":1,"54":1,"55":1,"56":1,"57":1,"58":12,"59":12,"60":13,"61":3,"62":1,"63":1,"64":1,"65":3},"f":{"0":4,"1":8,"2":7,"3":2,"4":1,"5":1,"6":3,"7":1,"8":1,"9":12,"10":13,"11":3,"12":1,"13":1,"14":1},"b":{"0":[1,7],"1":[3,4],"2":[3,4],"3":[2,1],"4":[2,0],"5":[1,1],"6":[2,1]},"_coverageSchema":"1a1c01bbd47fc00a2c39e90264f33305004495a9","hash":"a9573b174b1862f62ee2cab957fdca9513442612"}
,"/Users/mougette/git/SplitPal/src/screens/SplitGroup.js": {"path":"/Users/mougette/git/SplitPal/src/screens/SplitGroup.js","statementMap":{"0":{"start":{"line":11,"column":4},"end":{"line":11,"column":17}},"1":{"start":{"line":12,"column":4},"end":{"line":12,"column":43}},"2":{"start":{"line":13,"column":4},"end":{"line":13,"column":43}},"3":{"start":{"line":14,"column":4},"end":{"line":14,"column":50}},"4":{"start":{"line":15,"column":4},"end":{"line":19,"column":5}},"5":{"start":{"line":22,"column":21},"end":{"line":22,"column":44}},"6":{"start":{"line":23,"column":2},"end":{"line":23,"column":21}},"7":{"start":{"line":24,"column":2},"end":{"line":30,"column":8}},"8":{"start":{"line":26,"column":5},"end":{"line":26,"column":41}},"9":{"start":{"line":27,"column":5},"end":{"line":27,"column":80}},"10":{"start":{"line":28,"column":5},"end":{"line":28,"column":37}},"11":{"start":{"line":29,"column":5},"end":{"line":29,"column":30}},"12":{"start":{"line":34,"column":4},"end":{"line":50,"column":5}},"13":{"start":{"line":35,"column":16},"end":{"line":35,"column":43}},"14":{"start":{"line":36,"column":17},"end":{"line":36,"column":84}},"15":{"start":{"line":37,"column":4},"end":{"line":46,"column":7}},"16":{"start":{"line":37,"column":16},"end":{"line":37,"column":21}},"17":{"start":{"line":38,"column":24},"end":{"line":38,"column":44}},"18":{"start":{"line":39,"column":24},"end":{"line":39,"column":26}},"19":{"start":{"line":40,"column":13},"end":{"line":42,"column":35}},"20":{"start":{"line":43,"column":13},"end":{"line":45,"column":11}},"21":{"start":{"line":47,"column":4},"end":{"line":49,"column":9}},"22":{"start":{"line":47,"column":16},"end":{"line":47,"column":21}},"23":{"start":{"line":48,"column":10},"end":{"line":48,"column":30}},"24":{"start":{"line":53,"column":13},"end":{"line":60,"column":3}},"25":{"start":{"line":54,"column":22},"end":{"line":54,"column":42}},"26":{"start":{"line":55,"column":22},"end":{"line":55,"column":24}},"27":{"start":{"line":56,"column":6},"end":{"line":56,"column":80}},"28":{"start":{"line":57,"column":6},"end":{"line":59,"column":9}},"29":{"start":{"line":62,"column":17},"end":{"line":89,"column":3}},"30":{"start":{"line":63,"column":20},"end":{"line":63,"column":40}},"31":{"start":{"line":64,"column":4},"end":{"line":87,"column":8}},"32":{"start":{"line":66,"column":30},"end":{"line":66,"column":63}},"33":{"start":{"line":70,"column":36},"end":{"line":70,"column":70}},"34":{"start":{"line":76,"column":14},"end":{"line":83,"column":16}},"35":{"start":{"line":80,"column":54},"end":{"line":80,"column":88}},"36":{"start":{"line":88,"column":4},"end":{"line":88,"column":33}},"37":{"start":{"line":92,"column":20},"end":{"line":98,"column":3}},"38":{"start":{"line":93,"column":20},"end":{"line":93,"column":40}},"39":{"start":{"line":94,"column":20},"end":{"line":94,"column":40}},"40":{"start":{"line":95,"column":4},"end":{"line":95,"column":20}},"41":{"start":{"line":96,"column":4},"end":{"line":96,"column":20}},"42":{"start":{"line":97,"column":4},"end":{"line":97,"column":43}},"43":{"start":{"line":101,"column":14},"end":{"line":123,"column":3}},"44":{"start":{"line":102,"column":20},"end":{"line":102,"column":40}},"45":{"start":{"line":103,"column":20},"end":{"line":103,"column":25}},"46":{"start":{"line":104,"column":4},"end":{"line":114,"column":5}},"47":{"start":{"line":105,"column":8},"end":{"line":113,"column":9}},"48":{"start":{"line":105,"column":20},"end":{"line":105,"column":21}},"49":{"start":{"line":106,"column":9},"end":{"line":112,"column":10}},"50":{"start":{"line":107,"column":12},"end":{"line":110,"column":44}},"51":{"start":{"line":108,"column":16},"end":{"line":108,"column":46}},"52":{"start":{"line":110,"column":16},"end":{"line":110,"column":44}},"53":{"start":{"line":111,"column":12},"end":{"line":111,"column":29}},"54":{"start":{"line":115,"column":4},"end":{"line":122,"column":3}},"55":{"start":{"line":116,"column":4},"end":{"line":118,"column":7}},"56":{"start":{"line":121,"column":2},"end":{"line":121,"column":17}},"57":{"start":{"line":125,"column":16},"end":{"line":141,"column":3}},"58":{"start":{"line":127,"column":19},"end":{"line":127,"column":39}},"59":{"start":{"line":128,"column":4},"end":{"line":130,"column":5}},"60":{"start":{"line":129,"column":4},"end":{"line":129,"column":19}},"61":{"start":{"line":131,"column":20},"end":{"line":131,"column":56}},"62":{"start":{"line":132,"column":8},"end":{"line":137,"column":9}},"63":{"start":{"line":133,"column":12},"end":{"line":133,"column":46}},"64":{"start":{"line":136,"column":8},"end":{"line":136,"column":50}},"65":{"start":{"line":138,"column":4},"end":{"line":140,"column":11}},"66":{"start":{"line":143,"column":14},"end":{"line":155,"column":3}},"67":{"start":{"line":144,"column":14},"end":{"line":149,"column":32}},"68":{"start":{"line":150,"column":4},"end":{"line":150,"column":21}},"69":{"start":{"line":151,"column":4},"end":{"line":152,"column":47}},"70":{"start":{"line":152,"column":23},"end":{"line":152,"column":44}},"71":{"start":{"line":153,"column":4},"end":{"line":153,"column":36}},"72":{"start":{"line":154,"column":4},"end":{"line":154,"column":35}},"73":{"start":{"line":159,"column":25},"end":{"line":159,"column":35}},"74":{"start":{"line":160,"column":4},"end":{"line":193,"column":5}},"75":{"start":{"line":169,"column":16},"end":{"line":169,"column":28}},"76":{"start":{"line":173,"column":71},"end":{"line":173,"column":117}},"77":{"start":{"line":178,"column":71},"end":{"line":178,"column":93}},"78":{"start":{"line":185,"column":71},"end":{"line":185,"column":87}},"79":{"start":{"line":188,"column":71},"end":{"line":188,"column":127}},"80":{"start":{"line":197,"column":15},"end":{"line":267,"column":2}}},"fnMap":{"0":{"name":"(anonymous_0)","decl":{"start":{"line":10,"column":2},"end":{"line":10,"column":3}},"loc":{"start":{"line":10,"column":20},"end":{"line":20,"column":3}},"line":10},"1":{"name":"(anonymous_1)","decl":{"start":{"line":21,"column":2},"end":{"line":21,"column":3}},"loc":{"start":{"line":21,"column":21},"end":{"line":32,"column":3}},"line":21},"2":{"name":"(anonymous_2)","decl":{"start":{"line":25,"column":11},"end":{"line":25,"column":12}},"loc":{"start":{"line":25,"column":23},"end":{"line":30,"column":6}},"line":25},"3":{"name":"(anonymous_3)","decl":{"start":{"line":33,"column":4},"end":{"line":33,"column":5}},"loc":{"start":{"line":33,"column":34},"end":{"line":52,"column":5}},"line":33},"4":{"name":"(anonymous_4)","decl":{"start":{"line":53,"column":13},"end":{"line":53,"column":14}},"loc":{"start":{"line":53,"column":18},"end":{"line":60,"column":3}},"line":53},"5":{"name":"(anonymous_5)","decl":{"start":{"line":62,"column":17},"end":{"line":62,"column":18}},"loc":{"start":{"line":62,"column":28},"end":{"line":89,"column":3}},"line":62},"6":{"name":"(anonymous_6)","decl":{"start":{"line":66,"column":20},"end":{"line":66,"column":21}},"loc":{"start":{"line":66,"column":30},"end":{"line":66,"column":63}},"line":66},"7":{"name":"(anonymous_7)","decl":{"start":{"line":70,"column":26},"end":{"line":70,"column":27}},"loc":{"start":{"line":70,"column":36},"end":{"line":70,"column":70}},"line":70},"8":{"name":"(anonymous_8)","decl":{"start":{"line":75,"column":37},"end":{"line":75,"column":38}},"loc":{"start":{"line":75,"column":57},"end":{"line":84,"column":9}},"line":75},"9":{"name":"(anonymous_9)","decl":{"start":{"line":80,"column":48},"end":{"line":80,"column":49}},"loc":{"start":{"line":80,"column":54},"end":{"line":80,"column":88}},"line":80},"10":{"name":"(anonymous_10)","decl":{"start":{"line":92,"column":20},"end":{"line":92,"column":21}},"loc":{"start":{"line":92,"column":26},"end":{"line":98,"column":3}},"line":92},"11":{"name":"(anonymous_11)","decl":{"start":{"line":101,"column":14},"end":{"line":101,"column":15}},"loc":{"start":{"line":101,"column":37},"end":{"line":123,"column":3}},"line":101},"12":{"name":"(anonymous_12)","decl":{"start":{"line":125,"column":16},"end":{"line":125,"column":17}},"loc":{"start":{"line":125,"column":34},"end":{"line":141,"column":3}},"line":125},"13":{"name":"(anonymous_13)","decl":{"start":{"line":143,"column":14},"end":{"line":143,"column":15}},"loc":{"start":{"line":143,"column":20},"end":{"line":155,"column":3}},"line":143},"14":{"name":"(anonymous_14)","decl":{"start":{"line":152,"column":10},"end":{"line":152,"column":11}},"loc":{"start":{"line":152,"column":22},"end":{"line":152,"column":45}},"line":152},"15":{"name":"(anonymous_15)","decl":{"start":{"line":158,"column":2},"end":{"line":158,"column":3}},"loc":{"start":{"line":158,"column":10},"end":{"line":194,"column":3}},"line":158},"16":{"name":"(anonymous_16)","decl":{"start":{"line":168,"column":32},"end":{"line":168,"column":33}},"loc":{"start":{"line":168,"column":43},"end":{"line":170,"column":15}},"line":168},"17":{"name":"(anonymous_17)","decl":{"start":{"line":173,"column":65},"end":{"line":173,"column":66}},"loc":{"start":{"line":173,"column":71},"end":{"line":173,"column":117}},"line":173},"18":{"name":"(anonymous_18)","decl":{"start":{"line":178,"column":65},"end":{"line":178,"column":66}},"loc":{"start":{"line":178,"column":71},"end":{"line":178,"column":93}},"line":178},"19":{"name":"(anonymous_19)","decl":{"start":{"line":185,"column":65},"end":{"line":185,"column":66}},"loc":{"start":{"line":185,"column":71},"end":{"line":185,"column":87}},"line":185},"20":{"name":"(anonymous_20)","decl":{"start":{"line":188,"column":65},"end":{"line":188,"column":66}},"loc":{"start":{"line":188,"column":71},"end":{"line":188,"column":127}},"line":188}},"branchMap":{"0":{"loc":{"start":{"line":34,"column":4},"end":{"line":50,"column":5}},"type":"if","locations":[{"start":{"line":34,"column":4},"end":{"line":50,"column":5}},{"start":{},"end":{}}],"line":34},"1":{"loc":{"start":{"line":67,"column":20},"end":{"line":67,"column":105}},"type":"cond-expr","locations":[{"start":{"line":67,"column":63},"end":{"line":67,"column":65}},{"start":{"line":67,"column":68},"end":{"line":67,"column":105}}],"line":67},"2":{"loc":{"start":{"line":71,"column":26},"end":{"line":71,"column":128}},"type":"cond-expr","locations":[{"start":{"line":71,"column":69},"end":{"line":71,"column":71}},{"start":{"line":71,"column":74},"end":{"line":71,"column":128}}],"line":71},"3":{"loc":{"start":{"line":104,"column":4},"end":{"line":114,"column":5}},"type":"if","locations":[{"start":{"line":104,"column":4},"end":{"line":114,"column":5}},{"start":{},"end":{}}],"line":104},"4":{"loc":{"start":{"line":106,"column":9},"end":{"line":112,"column":10}},"type":"if","locations":[{"start":{"line":106,"column":9},"end":{"line":112,"column":10}},{"start":{},"end":{}}],"line":106},"5":{"loc":{"start":{"line":107,"column":12},"end":{"line":110,"column":44}},"type":"if","locations":[{"start":{"line":107,"column":12},"end":{"line":110,"column":44}},{"start":{"line":110,"column":16},"end":{"line":110,"column":44}}],"line":107},"6":{"loc":{"start":{"line":115,"column":4},"end":{"line":122,"column":3}},"type":"if","locations":[{"start":{"line":115,"column":4},"end":{"line":122,"column":3}},{"start":{"line":120,"column":7},"end":{"line":122,"column":3}}],"line":115},"7":{"loc":{"start":{"line":128,"column":4},"end":{"line":130,"column":5}},"type":"if","locations":[{"start":{"line":128,"column":4},"end":{"line":130,"column":5}},{"start":{},"end":{}}],"line":128},"8":{"loc":{"start":{"line":132,"column":8},"end":{"line":137,"column":9}},"type":"if","locations":[{"start":{"line":132,"column":8},"end":{"line":137,"column":9}},{"start":{"line":135,"column":12},"end":{"line":137,"column":9}}],"line":132}},"s":{"0":4,"1":4,"2":4,"3":4,"4":4,"5":4,"6":4,"7":4,"8":4,"9":4,"10":4,"11":4,"12":18,"13":1,"14":1,"15":1,"16":1,"17":4,"18":4,"19":4,"20":4,"21":1,"22":1,"23":4,"24":4,"25":3,"26":3,"27":3,"28":3,"29":4,"30":9,"31":9,"32":2,"33":1,"34":12,"35":3,"36":9,"37":4,"38":1,"39":1,"40":1,"41":1,"42":1,"43":4,"44":3,"45":3,"46":3,"47":2,"48":2,"49":2,"50":2,"51":1,"52":1,"53":2,"54":3,"55":2,"56":1,"57":4,"58":3,"59":3,"60":2,"61":3,"62":2,"63":1,"64":1,"65":2,"66":4,"67":1,"68":1,"69":1,"70":1,"71":1,"72":1,"73":22,"74":22,"75":35,"76":5,"77":1,"78":1,"79":1,"80":2},"f":{"0":4,"1":4,"2":4,"3":18,"4":3,"5":9,"6":2,"7":1,"8":12,"9":3,"10":1,"11":3,"12":3,"13":1,"14":1,"15":22,"16":35,"17":5,"18":1,"19":1,"20":1},"b":{"0":[1,17],"1":[5,4],"2":[5,4],"3":[2,1],"4":[2,0],"5":[1,1],"6":[2,1],"7":[2,1],"8":[1,1]},"_coverageSchema":"1a1c01bbd47fc00a2c39e90264f33305004495a9","hash":"9be0b01ae6a11098816cc3faf64a501be2c53a26"}
,"/Users/mougette/git/SplitPal/src/screens/Transactions.js": {"path":"/Users/mougette/git/SplitPal/src/screens/Transactions.js","statementMap":{"0":{"start":{"line":9,"column":21},"end":{"line":54,"column":1}},"1":{"start":{"line":10,"column":22},"end":{"line":10,"column":34}},"2":{"start":{"line":11,"column":27},"end":{"line":11,"column":50}},"3":{"start":{"line":12,"column":26},"end":{"line":12,"column":38}},"4":{"start":{"line":14,"column":2},"end":{"line":20,"column":18}},"5":{"start":{"line":15,"column":22},"end":{"line":18,"column":4}},"6":{"start":{"line":16,"column":2},"end":{"line":17,"column":55}},"7":{"start":{"line":17,"column":24},"end":{"line":17,"column":53}},"8":{"start":{"line":19,"column":2},"end":{"line":19,"column":20}},"9":{"start":{"line":22,"column":21},"end":{"line":31,"column":3}},"10":{"start":{"line":23,"column":4},"end":{"line":30,"column":6}},"11":{"start":{"line":28,"column":29},"end":{"line":28,"column":86}},"12":{"start":{"line":34,"column":2},"end":{"line":53,"column":4}},"13":{"start":{"line":47,"column":38},"end":{"line":47,"column":67}},"14":{"start":{"line":56,"column":15},"end":{"line":67,"column":2}}},"fnMap":{"0":{"name":"(anonymous_0)","decl":{"start":{"line":9,"column":21},"end":{"line":9,"column":22}},"loc":{"start":{"line":9,"column":46},"end":{"line":54,"column":1}},"line":9},"1":{"name":"(anonymous_1)","decl":{"start":{"line":14,"column":12},"end":{"line":14,"column":13}},"loc":{"start":{"line":14,"column":18},"end":{"line":20,"column":3}},"line":14},"2":{"name":"(anonymous_2)","decl":{"start":{"line":15,"column":54},"end":{"line":15,"column":55}},"loc":{"start":{"line":15,"column":60},"end":{"line":18,"column":3}},"line":15},"3":{"name":"(anonymous_3)","decl":{"start":{"line":17,"column":12},"end":{"line":17,"column":13}},"loc":{"start":{"line":17,"column":24},"end":{"line":17,"column":53}},"line":17},"4":{"name":"(anonymous_4)","decl":{"start":{"line":22,"column":21},"end":{"line":22,"column":22}},"loc":{"start":{"line":22,"column":41},"end":{"line":31,"column":3}},"line":22},"5":{"name":"(anonymous_5)","decl":{"start":{"line":28,"column":23},"end":{"line":28,"column":24}},"loc":{"start":{"line":28,"column":29},"end":{"line":28,"column":86}},"line":28},"6":{"name":"(anonymous_6)","decl":{"start":{"line":47,"column":28},"end":{"line":47,"column":29}},"loc":{"start":{"line":47,"column":38},"end":{"line":47,"column":67}},"line":47}},"branchMap":{"0":{"loc":{"start":{"line":45,"column":18},"end":{"line":45,"column":52}},"type":"cond-expr","locations":[{"start":{"line":45,"column":31},"end":{"line":45,"column":35}},{"start":{"line":45,"column":38},"end":{"line":45,"column":52}}],"line":45}},"s":{"0":2,"1":2,"2":2,"3":2,"4":2,"5":1,"6":1,"7":1,"8":1,"9":2,"10":1,"11":0,"12":2,"13":1,"14":2},"f":{"0":2,"1":1,"2":1,"3":1,"4":1,"5":0,"6":1},"b":{"0":[1,1]},"_coverageSchema":"1a1c01bbd47fc00a2c39e90264f33305004495a9","hash":"ea4dafcce178d2c032b28d9a94585411a1e2e9dc"}
}
