TN:
SF:App.js
FN:25,authFlow
FN:48,groupFlow
FN:69,friendFlow
FN:90,homeScreenFlow
FN:108,profileFlow
FN:126,homeFlow
FN:129,(anonymous_6)
FN:130,(anonymous_7)
FN:162,App
FN:188,(anonymous_9)
FNF:10
FNH:7
FNDA:1,authFlow
FNDA:0,groupFlow
FNDA:0,friendFlow
FNDA:1,homeScreenFlow
FNDA:0,profileFlow
FNDA:1,homeFlow
FNDA:4,(anonymous_6)
FNDA:8,(anonymous_7)
FNDA:2,App
FNDA:1,(anonymous_9)
DA:24,1
DA:26,1
DA:47,1
DA:49,0
DA:68,1
DA:70,0
DA:89,1
DA:91,1
DA:107,1
DA:109,0
DA:125,1
DA:127,1
DA:129,4
DA:133,8
DA:135,2
DA:136,2
DA:138,2
DA:139,2
DA:141,2
DA:142,2
DA:144,2
DA:145,2
DA:147,8
DA:161,1
DA:163,2
DA:164,2
DA:165,2
DA:189,1
LF:28
LH:25
BRDA:133,0,0,2
BRDA:133,0,1,2
BRDA:133,0,2,2
BRDA:133,0,3,2
BRDA:135,1,0,1
BRDA:135,1,1,1
BRDA:138,2,0,1
BRDA:138,2,1,1
BRDA:141,3,0,1
BRDA:141,3,1,1
BRDA:144,4,0,1
BRDA:144,4,1,1
BRDA:168,5,0,1
BRDA:168,5,1,1
BRF:14
BRH:14
end_of_record
TN:
SF:src/components/AddFriendBar.js
FN:5,(anonymous_0)
FN:15,(anonymous_1)
FNF:2
FNH:2
FNDA:10,(anonymous_0)
FNDA:1,(anonymous_1)
DA:5,3
DA:6,10
DA:7,10
DA:15,1
DA:27,3
LF:5
LH:5
BRF:0
BRH:0
end_of_record
TN:
SF:src/components/EntryComponent.js
FN:12,(anonymous_0)
FN:21,(anonymous_1)
FNF:2
FNH:2
FNDA:189,(anonymous_0)
FNDA:9,(anonymous_1)
DA:12,8
DA:13,189
DA:14,189
DA:15,189
DA:16,24
DA:18,165
DA:19,149
DA:21,189
DA:22,9
DA:23,9
DA:25,189
DA:40,8
LF:12
LH:12
BRDA:14,0,0,11
BRDA:14,0,1,178
BRDA:15,1,0,24
BRDA:15,1,1,165
BRDA:18,2,0,149
BRDA:18,2,1,16
BRDA:18,3,0,165
BRDA:18,3,1,141
BRDA:18,3,2,38
BRDA:33,4,0,22
BRDA:33,4,1,167
BRDA:33,5,0,20
BRDA:33,5,1,2
BRF:13
BRH:13
end_of_record
TN:
SF:src/components/GroupEntryComponent.js
FN:12,(anonymous_0)
FN:14,(anonymous_1)
FNF:2
FNH:2
FNDA:19,(anonymous_0)
FNDA:4,(anonymous_1)
DA:12,3
DA:13,19
DA:14,19
DA:15,4
DA:16,4
DA:18,19
DA:32,3
LF:7
LH:7
BRDA:19,0,0,16
BRDA:19,0,1,3
BRDA:24,1,0,16
BRDA:24,1,1,3
BRF:4
BRH:4
end_of_record
TN:
SF:src/components/RestGet.js
FN:1,Get
FN:6,(anonymous_1)
FN:7,(anonymous_2)
FNF:3
FNH:3
FNDA:34,Get
FNDA:34,(anonymous_1)
FNDA:34,(anonymous_2)
DA:2,34
DA:6,34
DA:8,34
DA:9,1
DA:11,33
LF:5
LH:5
BRDA:8,0,0,1
BRDA:8,0,1,33
BRF:2
BRH:2
end_of_record
TN:
SF:src/components/RestPatch.js
FN:1,(anonymous_0)
FN:5,(anonymous_1)
FN:6,(anonymous_2)
FNF:3
FNH:3
FNDA:5,(anonymous_0)
FNDA:5,(anonymous_1)
FNDA:5,(anonymous_2)
DA:1,4
DA:2,5
DA:5,5
DA:7,5
DA:8,5
LF:5
LH:5
BRF:0
BRH:0
end_of_record
TN:
SF:src/components/RestPost.js
FN:1,Post
FN:6,(anonymous_1)
FN:7,(anonymous_2)
FNF:3
FNH:3
FNDA:10,Post
FNDA:10,(anonymous_1)
FNDA:10,(anonymous_2)
DA:2,10
DA:6,10
DA:8,10
LF:3
LH:3
BRF:0
BRH:0
end_of_record
TN:
SF:src/components/RestPut.js
FN:1,Put
FN:6,(anonymous_1)
FN:7,(anonymous_2)
FN:8,(anonymous_3)
FN:12,(anonymous_4)
FNF:5
FNH:3
FNDA:1,Put
FNDA:1,(anonymous_1)
FNDA:0,(anonymous_2)
FNDA:1,(anonymous_3)
FNDA:0,(anonymous_4)
DA:2,1
DA:6,1
DA:7,0
DA:9,1
DA:10,1
DA:12,0
LF:6
LH:4
BRF:0
BRH:0
end_of_record
TN:
SF:src/components/SearchAndAddComponent.js
FN:4,(anonymous_0)
FN:12,(anonymous_1)
FNF:2
FNH:2
FNDA:21,(anonymous_0)
FNDA:3,(anonymous_1)
DA:4,5
DA:6,21
DA:12,3
DA:20,5
LF:4
LH:4
BRF:0
BRH:0
end_of_record
TN:
SF:src/components/SplitPalLogoComponent.js
FN:6,(anonymous_0)
FNF:1
FNH:1
FNDA:68,(anonymous_0)
DA:6,27
DA:7,68
DA:16,12
LF:3
LH:3
BRF:0
BRH:0
end_of_record
TN:
SF:src/context/AuthContext.js
FN:6,(anonymous_0)
FN:23,(anonymous_1)
FN:25,(anonymous_2)
FN:35,(anonymous_3)
FN:56,(anonymous_4)
FN:57,(anonymous_5)
FN:60,(anonymous_6)
FN:73,(anonymous_7)
FN:74,(anonymous_8)
FNF:9
FNH:9
FNDA:3,(anonymous_0)
FNDA:37,(anonymous_1)
FNDA:2,(anonymous_2)
FNDA:2,(anonymous_3)
FNDA:37,(anonymous_4)
FNDA:2,(anonymous_5)
FNDA:2,(anonymous_6)
FNDA:37,(anonymous_7)
FNDA:1,(anonymous_8)
DA:6,17
DA:7,3
DA:9,1
DA:11,1
DA:16,1
DA:23,17
DA:24,37
DA:25,37
DA:26,2
DA:36,2
DA:37,2
DA:38,1
DA:47,1
DA:56,17
DA:57,37
DA:59,2
DA:61,2
DA:62,1
DA:73,17
DA:74,37
DA:75,1
DA:79,17
LF:22
LH:22
BRDA:7,0,0,1
BRDA:7,0,1,1
BRDA:7,0,2,1
BRDA:37,1,0,1
BRDA:37,1,1,1
BRDA:61,2,0,1
BRDA:61,2,1,1
BRF:7
BRH:7
end_of_record
TN:
SF:src/context/createDataContext.js
FN:3,(anonymous_0)
FN:6,(anonymous_1)
FNF:2
FNH:2
FNDA:17,(anonymous_0)
FNDA:37,(anonymous_1)
DA:4,17
DA:6,17
DA:7,37
DA:9,37
DA:11,37
DA:12,111
DA:15,37
DA:22,17
LF:8
LH:8
BRF:0
BRH:0
end_of_record
TN:
SF:src/screens/AddFriend.js
FN:11,(anonymous_0)
FN:14,(anonymous_1)
FN:15,(anonymous_2)
FN:17,(anonymous_3)
FN:21,(anonymous_4)
FN:28,(anonymous_5)
FN:35,(anonymous_6)
FN:42,(anonymous_7)
FN:44,(anonymous_8)
FN:51,(anonymous_9)
FN:59,(anonymous_10)
FN:61,(anonymous_11)
FN:79,(anonymous_12)
FN:95,(anonymous_13)
FN:98,(anonymous_14)
FNF:15
FNH:15
FNDA:8,(anonymous_0)
FNDA:3,(anonymous_1)
FNDA:3,(anonymous_2)
FNDA:3,(anonymous_3)
FNDA:30,(anonymous_4)
FNDA:1,(anonymous_5)
FNDA:1,(anonymous_6)
FNDA:1,(anonymous_7)
FNDA:1,(anonymous_8)
FNDA:1,(anonymous_9)
FNDA:1,(anonymous_10)
FNDA:1,(anonymous_11)
FNDA:1,(anonymous_12)
FNDA:45,(anonymous_13)
FNDA:1,(anonymous_14)
DA:11,2
DA:12,8
DA:13,8
DA:14,8
DA:15,3
DA:16,3
DA:17,3
DA:19,3
DA:21,8
DA:22,30
DA:23,5
DA:29,1
DA:36,1
DA:42,1
DA:43,1
DA:44,1
DA:45,1
DA:52,1
DA:59,1
DA:60,1
DA:61,1
DA:62,1
DA:74,25
DA:79,1
DA:84,8
DA:95,45
DA:98,1
DA:106,2
LF:28
LH:28
BRDA:22,0,0,5
BRDA:22,0,1,25
BRF:2
BRH:2
end_of_record
TN:
SF:src/screens/AddGroups.js
FN:10,(anonymous_0)
FN:16,(anonymous_1)
FN:17,(anonymous_2)
FN:19,(anonymous_3)
FN:23,(anonymous_4)
FN:34,(anonymous_5)
FN:41,(anonymous_6)
FN:66,(anonymous_7)
FN:82,(anonymous_8)
FNF:9
FNH:9
FNDA:7,(anonymous_0)
FNDA:3,(anonymous_1)
FNDA:3,(anonymous_2)
FNDA:3,(anonymous_3)
FNDA:2,(anonymous_4)
FNDA:18,(anonymous_5)
FNDA:2,(anonymous_6)
FNDA:1,(anonymous_7)
FNDA:27,(anonymous_8)
DA:10,2
DA:12,7
DA:13,7
DA:14,7
DA:15,7
DA:16,7
DA:17,3
DA:18,3
DA:19,3
DA:21,3
DA:23,7
DA:24,2
DA:25,2
DA:26,2
DA:27,1
DA:30,1
DA:32,2
DA:34,7
DA:35,18
DA:36,18
DA:41,2
DA:46,7
DA:66,1
DA:82,27
DA:92,2
LF:25
LH:25
BRDA:26,0,0,1
BRDA:26,0,1,1
BRF:2
BRH:2
end_of_record
TN:
SF:src/screens/CameraScreen.js
FN:7,(anonymous_0)
FN:15,(anonymous_1)
FN:25,(anonymous_2)
FN:28,(anonymous_3)
FN:31,(anonymous_4)
FN:35,(anonymous_5)
FN:36,(anonymous_6)
FN:51,(anonymous_7)
FN:57,(anonymous_8)
FNF:9
FNH:0
FNDA:0,(anonymous_0)
FNDA:0,(anonymous_1)
FNDA:0,(anonymous_2)
FNDA:0,(anonymous_3)
FNDA:0,(anonymous_4)
FNDA:0,(anonymous_5)
FNDA:0,(anonymous_6)
FNDA:0,(anonymous_7)
FNDA:0,(anonymous_8)
DA:7,1
DA:8,0
DA:9,0
DA:10,0
DA:11,0
DA:12,0
DA:13,0
DA:14,0
DA:15,0
DA:16,0
DA:17,0
DA:21,0
DA:22,0
DA:25,0
DA:26,0
DA:28,0
DA:29,0
DA:31,0
DA:32,0
DA:35,0
DA:36,0
DA:37,0
DA:38,0
DA:42,0
DA:43,0
DA:45,0
DA:46,0
DA:48,0
DA:49,0
DA:52,0
DA:58,0
DA:77,0
DA:81,1
LF:33
LH:2
BRDA:16,0,0,0
BRDA:16,0,1,0
BRDA:42,1,0,0
BRDA:42,1,1,0
BRDA:45,2,0,0
BRDA:45,2,1,0
BRDA:48,3,0,0
BRDA:48,3,1,0
BRDA:59,4,0,0
BRDA:59,4,1,0
BRF:10
BRH:0
end_of_record
TN:
SF:src/screens/ChangePassword.js
FN:8,(anonymous_0)
FN:14,handleEditClick
FN:61,(anonymous_2)
FNF:3
FNH:1
FNDA:1,(anonymous_0)
FNDA:0,handleEditClick
FNDA:0,(anonymous_2)
DA:8,2
DA:9,1
DA:10,1
DA:11,1
DA:12,1
DA:15,0
DA:16,0
DA:25,1
DA:61,0
DA:68,2
LF:10
LH:7
BRF:0
BRH:0
end_of_record
TN:
SF:src/screens/Friends.js
FN:10,(anonymous_0)
FN:14,(anonymous_1)
FN:15,(anonymous_2)
FN:17,(anonymous_3)
FN:19,(anonymous_4)
FN:23,(anonymous_5)
FN:30,(anonymous_6)
FN:37,(anonymous_7)
FN:44,(anonymous_8)
FN:46,(anonymous_9)
FN:49,(anonymous_10)
FN:56,(anonymous_11)
FN:64,(anonymous_12)
FN:66,(anonymous_13)
FN:69,(anonymous_14)
FN:87,(anonymous_15)
FN:97,(anonymous_16)
FN:105,(anonymous_17)
FN:110,(anonymous_18)
FN:119,(anonymous_19)
FNF:20
FNH:19
FNDA:13,(anonymous_0)
FNDA:3,(anonymous_1)
FNDA:3,(anonymous_2)
FNDA:3,(anonymous_3)
FNDA:3,(anonymous_4)
FNDA:102,(anonymous_5)
FNDA:1,(anonymous_6)
FNDA:1,(anonymous_7)
FNDA:1,(anonymous_8)
FNDA:1,(anonymous_9)
FNDA:1,(anonymous_10)
FNDA:1,(anonymous_11)
FNDA:1,(anonymous_12)
FNDA:1,(anonymous_13)
FNDA:1,(anonymous_14)
FNDA:1,(anonymous_15)
FNDA:0,(anonymous_16)
FNDA:1,(anonymous_17)
FNDA:90,(anonymous_18)
FNDA:63,(anonymous_19)
DA:10,2
DA:11,13
DA:12,13
DA:13,13
DA:14,13
DA:15,3
DA:16,3
DA:17,3
DA:18,3
DA:19,3
DA:21,3
DA:23,13
DA:24,102
DA:25,17
DA:31,1
DA:38,1
DA:44,1
DA:45,1
DA:46,1
DA:47,1
DA:48,1
DA:49,1
DA:50,1
DA:57,1
DA:64,1
DA:65,1
DA:66,1
DA:67,1
DA:68,1
DA:69,1
DA:70,1
DA:81,85
DA:82,68
DA:87,1
DA:92,17
DA:97,0
DA:103,13
DA:105,1
DA:110,90
DA:119,63
DA:127,2
LF:41
LH:40
BRDA:24,0,0,17
BRDA:24,0,1,85
BRDA:81,1,0,68
BRDA:81,1,1,17
BRF:4
BRH:4
end_of_record
TN:
SF:src/screens/Groups.js
FN:10,(anonymous_0)
FN:13,(anonymous_1)
FN:14,(anonymous_2)
FN:16,(anonymous_3)
FN:20,(anonymous_4)
FN:27,(anonymous_5)
FN:34,(anonymous_6)
FN:39,(anonymous_7)
FNF:8
FNH:8
FNDA:6,(anonymous_0)
FNDA:3,(anonymous_1)
FNDA:3,(anonymous_2)
FNDA:3,(anonymous_3)
FNDA:12,(anonymous_4)
FNDA:1,(anonymous_5)
FNDA:1,(anonymous_6)
FNDA:21,(anonymous_7)
DA:10,2
DA:11,6
DA:12,6
DA:13,6
DA:14,3
DA:15,3
DA:16,3
DA:18,3
DA:20,6
DA:21,12
DA:22,12
DA:27,1
DA:32,6
DA:34,1
DA:39,21
DA:47,2
LF:16
LH:16
BRF:0
BRH:0
end_of_record
TN:
SF:src/screens/HomeScreen.js
FN:9,(anonymous_0)
FN:16,(anonymous_1)
FN:17,(anonymous_2)
FN:19,(anonymous_3)
FN:24,(anonymous_4)
FN:26,(anonymous_5)
FN:31,(anonymous_6)
FN:37,(anonymous_7)
FN:63,(anonymous_8)
FNF:9
FNH:8
FNDA:6,(anonymous_0)
FNDA:3,(anonymous_1)
FNDA:3,(anonymous_2)
FNDA:3,(anonymous_3)
FNDA:12,(anonymous_4)
FNDA:0,(anonymous_5)
FNDA:2,(anonymous_6)
FNDA:2,(anonymous_7)
FNDA:18,(anonymous_8)
DA:9,2
DA:10,6
DA:11,6
DA:12,6
DA:13,6
DA:14,6
DA:15,6
DA:16,6
DA:17,3
DA:18,3
DA:19,3
DA:21,3
DA:24,6
DA:25,12
DA:26,0
DA:31,2
DA:37,2
DA:43,6
DA:63,18
DA:71,2
LF:20
LH:19
BRDA:12,0,0,3
BRDA:12,0,1,3
BRDA:13,1,0,0
BRDA:13,1,1,6
BRDA:14,2,0,0
BRDA:14,2,1,6
BRDA:53,3,0,3
BRDA:53,3,1,3
BRDA:61,4,0,3
BRDA:61,4,1,3
BRF:10
BRH:8
end_of_record
TN:
SF:src/screens/ImageConfirm.js
FN:7,(anonymous_0)
FN:12,(anonymous_1)
FN:17,(anonymous_2)
FN:34,(anonymous_3)
FNF:4
FNH:4
FNDA:3,(anonymous_0)
FNDA:2,(anonymous_1)
FNDA:2,(anonymous_2)
FNDA:1,(anonymous_3)
DA:7,2
DA:8,3
DA:9,3
DA:10,3
DA:11,3
DA:12,3
DA:13,2
DA:17,2
DA:19,3
DA:34,1
DA:41,2
LF:11
LH:11
BRDA:17,0,0,0
BRDA:17,0,1,2
BRF:2
BRH:1
end_of_record
TN:
SF:src/screens/Profile.js
FN:9,(anonymous_0)
FN:18,(anonymous_1)
FN:19,(anonymous_2)
FN:21,(anonymous_3)
FN:33,handleEditClick
FN:87,(anonymous_5)
FNF:6
FNH:5
FNDA:9,(anonymous_0)
FNDA:2,(anonymous_1)
FNDA:2,(anonymous_2)
FNDA:2,(anonymous_3)
FNDA:2,handleEditClick
FNDA:0,(anonymous_5)
DA:9,2
DA:10,9
DA:11,9
DA:12,9
DA:13,9
DA:14,9
DA:15,9
DA:16,9
DA:18,9
DA:19,2
DA:20,2
DA:22,2
DA:23,2
DA:24,2
DA:25,2
DA:26,2
DA:29,2
DA:34,2
DA:35,2
DA:36,1
DA:39,1
DA:40,1
DA:41,1
DA:53,9
DA:87,0
DA:94,2
LF:26
LH:25
BRDA:35,0,0,1
BRDA:35,0,1,1
BRF:2
BRH:2
end_of_record
TN:
SF:src/screens/Signin.js
FN:8,(anonymous_0)
FN:40,(anonymous_1)
FN:46,(anonymous_2)
FNF:3
FNH:3
FNDA:4,(anonymous_0)
FNDA:2,(anonymous_1)
FNDA:1,(anonymous_2)
DA:8,4
DA:9,4
DA:10,4
DA:11,4
DA:13,4
DA:41,2
DA:46,1
DA:55,4
LF:8
LH:8
BRF:0
BRH:0
end_of_record
TN:
SF:src/screens/Signup.js
FN:8,(anonymous_0)
FN:50,(anonymous_1)
FN:56,(anonymous_2)
FNF:3
FNH:2
FNDA:3,(anonymous_0)
FNDA:1,(anonymous_1)
FNDA:0,(anonymous_2)
DA:8,4
DA:9,3
DA:10,3
DA:11,3
DA:12,3
DA:14,3
DA:51,1
DA:56,0
DA:65,4
LF:9
LH:8
BRF:0
BRH:0
end_of_record
TN:
SF:src/screens/SignupInfo.js
FN:8,(anonymous_0)
FN:43,(anonymous_1)
FNF:2
FNH:2
FNDA:4,(anonymous_0)
FNDA:2,(anonymous_1)
DA:8,3
DA:9,4
DA:10,4
DA:11,4
DA:12,4
DA:13,4
DA:15,4
DA:44,2
DA:51,3
LF:9
LH:9
BRF:0
BRH:0
end_of_record
TN:
SF:src/screens/Split.js
FN:8,(anonymous_0)
FN:18,(anonymous_1)
FN:45,(anonymous_2)
FN:50,(anonymous_3)
FN:54,(anonymous_4)
FN:62,(anonymous_5)
FN:71,(anonymous_6)
FN:100,(anonymous_7)
FN:109,(anonymous_8)
FN:119,(anonymous_9)
FN:129,(anonymous_10)
FN:134,(anonymous_11)
FN:139,(anonymous_12)
FN:146,(anonymous_13)
FN:149,(anonymous_14)
FNF:15
FNH:15
FNDA:4,(anonymous_0)
FNDA:8,(anonymous_1)
FNDA:7,(anonymous_2)
FNDA:2,(anonymous_3)
FNDA:1,(anonymous_4)
FNDA:1,(anonymous_5)
FNDA:3,(anonymous_6)
FNDA:1,(anonymous_7)
FNDA:1,(anonymous_8)
FNDA:12,(anonymous_9)
FNDA:13,(anonymous_10)
FNDA:3,(anonymous_11)
FNDA:1,(anonymous_12)
FNDA:1,(anonymous_13)
FNDA:1,(anonymous_14)
DA:9,4
DA:10,4
DA:11,4
DA:12,4
DA:13,4
DA:19,8
DA:20,1
DA:21,1
DA:22,1
DA:23,1
DA:24,4
DA:25,4
DA:26,4
DA:29,4
DA:32,4
DA:35,1
DA:36,4
DA:37,4
DA:38,4
DA:45,4
DA:46,7
DA:47,7
DA:50,2
DA:54,1
DA:58,7
DA:62,4
DA:63,1
DA:64,1
DA:65,1
DA:66,1
DA:67,1
DA:71,4
DA:72,3
DA:73,3
DA:74,3
DA:75,2
DA:76,2
DA:77,2
DA:78,1
DA:80,1
DA:81,2
DA:85,3
DA:86,2
DA:91,1
DA:92,1
DA:93,1
DA:100,4
DA:101,1
DA:107,1
DA:108,1
DA:109,1
DA:110,1
DA:111,1
DA:114,1
DA:115,1
DA:120,12
DA:121,12
DA:130,13
DA:134,3
DA:139,1
DA:146,1
DA:149,1
DA:158,3
LF:63
LH:63
BRDA:19,0,0,1
BRDA:19,0,1,7
BRDA:51,1,0,3
BRDA:51,1,1,4
BRDA:55,2,0,3
BRDA:55,2,1,4
BRDA:74,3,0,2
BRDA:74,3,1,1
BRDA:76,4,0,2
BRDA:76,4,1,0
BRDA:77,5,0,1
BRDA:77,5,1,1
BRDA:85,6,0,2
BRDA:85,6,1,1
BRF:14
BRH:13
end_of_record
TN:
SF:src/screens/SplitGroup.js
FN:10,(anonymous_0)
FN:21,(anonymous_1)
FN:25,(anonymous_2)
FN:33,(anonymous_3)
FN:53,(anonymous_4)
FN:62,(anonymous_5)
FN:66,(anonymous_6)
FN:70,(anonymous_7)
FN:75,(anonymous_8)
FN:80,(anonymous_9)
FN:92,(anonymous_10)
FN:101,(anonymous_11)
FN:125,(anonymous_12)
FN:143,(anonymous_13)
FN:152,(anonymous_14)
FN:158,(anonymous_15)
FN:168,(anonymous_16)
FN:173,(anonymous_17)
FN:178,(anonymous_18)
FN:185,(anonymous_19)
FN:188,(anonymous_20)
FNF:21
FNH:21
FNDA:4,(anonymous_0)
FNDA:4,(anonymous_1)
FNDA:4,(anonymous_2)
FNDA:18,(anonymous_3)
FNDA:3,(anonymous_4)
FNDA:9,(anonymous_5)
FNDA:2,(anonymous_6)
FNDA:1,(anonymous_7)
FNDA:12,(anonymous_8)
FNDA:3,(anonymous_9)
FNDA:1,(anonymous_10)
FNDA:3,(anonymous_11)
FNDA:3,(anonymous_12)
FNDA:1,(anonymous_13)
FNDA:1,(anonymous_14)
FNDA:22,(anonymous_15)
FNDA:35,(anonymous_16)
FNDA:5,(anonymous_17)
FNDA:1,(anonymous_18)
FNDA:1,(anonymous_19)
FNDA:1,(anonymous_20)
DA:11,4
DA:12,4
DA:13,4
DA:14,4
DA:15,4
DA:22,4
DA:23,4
DA:24,4
DA:26,4
DA:27,4
DA:28,4
DA:29,4
DA:34,18
DA:35,1
DA:36,1
DA:37,1
DA:38,4
DA:39,4
DA:40,4
DA:43,4
DA:47,1
DA:48,4
DA:53,4
DA:54,3
DA:55,3
DA:56,3
DA:57,3
DA:62,4
DA:63,9
DA:64,9
DA:66,2
DA:70,1
DA:76,12
DA:80,3
DA:88,9
DA:92,4
DA:93,1
DA:94,1
DA:95,1
DA:96,1
DA:97,1
DA:101,4
DA:102,3
DA:103,3
DA:104,3
DA:105,2
DA:106,2
DA:107,2
DA:108,1
DA:110,1
DA:111,2
DA:115,3
DA:116,2
DA:121,1
DA:125,4
DA:127,3
DA:128,3
DA:129,2
DA:131,3
DA:132,2
DA:133,1
DA:136,1
DA:138,2
DA:143,4
DA:144,1
DA:150,1
DA:151,1
DA:152,1
DA:153,1
DA:154,1
DA:159,22
DA:160,22
DA:169,35
DA:173,5
DA:178,1
DA:185,1
DA:188,1
DA:197,2
LF:78
LH:78
BRDA:34,0,0,1
BRDA:34,0,1,17
BRDA:67,1,0,5
BRDA:67,1,1,4
BRDA:71,2,0,5
BRDA:71,2,1,4
BRDA:104,3,0,2
BRDA:104,3,1,1
BRDA:106,4,0,2
BRDA:106,4,1,0
BRDA:107,5,0,1
BRDA:107,5,1,1
BRDA:115,6,0,2
BRDA:115,6,1,1
BRDA:128,7,0,2
BRDA:128,7,1,1
BRDA:132,8,0,1
BRDA:132,8,1,1
BRF:18
BRH:17
end_of_record
TN:
SF:src/screens/Transactions.js
FN:9,(anonymous_0)
FN:14,(anonymous_1)
FN:15,(anonymous_2)
FN:17,(anonymous_3)
FN:22,(anonymous_4)
FN:28,(anonymous_5)
FN:47,(anonymous_6)
FNF:7
FNH:6
FNDA:2,(anonymous_0)
FNDA:1,(anonymous_1)
FNDA:1,(anonymous_2)
FNDA:1,(anonymous_3)
FNDA:1,(anonymous_4)
FNDA:0,(anonymous_5)
FNDA:1,(anonymous_6)
DA:9,2
DA:10,2
DA:11,2
DA:12,2
DA:14,2
DA:15,1
DA:16,1
DA:17,1
DA:19,1
DA:22,2
DA:23,1
DA:28,0
DA:34,2
DA:47,1
DA:56,2
LF:15
LH:14
BRDA:45,0,0,1
BRDA:45,0,1,1
BRF:2
BRH:2
end_of_record
